  ____                  _            
 / ___|  ___ ___  _   _| |_ ___ _ __ 
 \___ \ / __/   \| | | | __/ _ \ '__|
  ___) | (_| (+) | |_| | ||  __/ |   
 |____/ \___\___/ \__,_|\__\___|_|                                      
 Open Source S/W Performance Monitoring  
 Scouter version 2.20.0
 
System JRE version : 1.8.0_461
15:49:59,384 |-INFO in ch.qos.logback.classic.LoggerContext[default] - Could NOT find resource [logback-test.xml]
15:49:59,385 |-INFO in ch.qos.logback.classic.LoggerContext[default] - Could NOT find resource [logback.groovy]
15:49:59,385 |-INFO in ch.qos.logback.classic.LoggerContext[default] - Found resource [logback.xml] at [jar:file:/app/nx-dev-scouter/server_2.20/./lib/scouter-webapp-2.20.0.jar!/logback.xml]
15:49:59,394 |-INFO in ch.qos.logback.core.joran.spi.ConfigurationWatchList@ff97bbd - URL [jar:file:/app/nx-dev-scouter/server_2.20/./lib/scouter-webapp-2.20.0.jar!/logback.xml] is not of type file
15:49:59,407 |-INFO in ch.qos.logback.classic.joran.action.ConfigurationAction - debug attribute not set
15:49:59,408 |-INFO in ch.qos.logback.core.joran.action.AppenderAction - About to instantiate appender of type [ch.qos.logback.core.ConsoleAppender]
15:49:59,412 |-INFO in ch.qos.logback.core.joran.action.AppenderAction - Naming appender as [STDOUT]
15:49:59,415 |-INFO in ch.qos.logback.core.joran.action.NestedComplexPropertyIA - Assuming default type [ch.qos.logback.classic.encoder.PatternLayoutEncoder] for [encoder] property
15:49:59,429 |-INFO in ch.qos.logback.core.joran.action.AppenderAction - About to instantiate appender of type [ch.qos.logback.core.rolling.RollingFileAppender]
15:49:59,431 |-INFO in ch.qos.logback.core.joran.action.AppenderAction - Naming appender as [FILE_DAILY]
15:49:59,435 |-INFO in c.q.l.core.rolling.TimeBasedRollingPolicy@481614607 - No compression will be used
15:49:59,436 |-INFO in c.q.l.core.rolling.TimeBasedRollingPolicy@481614607 - Will use the pattern ./logs/webapp-%d{yyyy_MM_dd}.log for the active file
15:49:59,439 |-INFO in c.q.l.core.rolling.DefaultTimeBasedFileNamingAndTriggeringPolicy - The date pattern is 'yyyy_MM_dd' from file name pattern './logs/webapp-%d{yyyy_MM_dd}.log'.
15:49:59,439 |-INFO in c.q.l.core.rolling.DefaultTimeBasedFileNamingAndTriggeringPolicy - Roll-over at midnight.
15:49:59,441 |-INFO in c.q.l.core.rolling.DefaultTimeBasedFileNamingAndTriggeringPolicy - Setting initial period to Mon Oct 13 15:49:59 KST 2025
15:49:59,442 |-INFO in ch.qos.logback.core.joran.action.NestedComplexPropertyIA - Assuming default type [ch.qos.logback.classic.encoder.PatternLayoutEncoder] for [encoder] property
15:49:59,442 |-INFO in ch.qos.logback.core.rolling.RollingFileAppender[FILE_DAILY] - Active log file name: ./logs/webapp-2025_10_13.log
15:49:59,442 |-INFO in ch.qos.logback.core.rolling.RollingFileAppender[FILE_DAILY] - File property is set to [null]
15:49:59,443 |-INFO in ch.qos.logback.core.joran.action.AppenderAction - About to instantiate appender of type [ch.qos.logback.core.rolling.RollingFileAppender]
15:49:59,443 |-INFO in ch.qos.logback.core.joran.action.AppenderAction - Naming appender as [FILE_SIZE]
15:49:59,444 |-INFO in ch.qos.logback.core.rolling.FixedWindowRollingPolicy@3b524d17 - No compression will be used
15:49:59,446 |-INFO in ch.qos.logback.core.joran.action.NestedComplexPropertyIA - Assuming default type [ch.qos.logback.classic.encoder.PatternLayoutEncoder] for [encoder] property
15:49:59,446 |-INFO in ch.qos.logback.core.rolling.RollingFileAppender[FILE_SIZE] - Active log file name: ./logs/webapp.log
15:49:59,446 |-INFO in ch.qos.logback.core.rolling.RollingFileAppender[FILE_SIZE] - File property is set to [./logs/webapp.log]
15:49:59,446 |-INFO in ch.qos.logback.core.joran.action.AppenderAction - About to instantiate appender of type [ch.qos.logback.core.rolling.RollingFileAppender]
15:49:59,446 |-INFO in ch.qos.logback.core.joran.action.AppenderAction - Naming appender as [FILE_SIZE_DAILY]
15:49:59,448 |-INFO in c.q.l.core.rolling.TimeBasedRollingPolicy@25195255 - No compression will be used
15:49:59,449 |-INFO in c.q.l.core.rolling.TimeBasedRollingPolicy@25195255 - Will use the pattern ./logs/webapp-%d{yyyy_MM_dd}-%i.log for the active file
15:49:59,452 |-INFO in ch.qos.logback.core.rolling.SizeAndTimeBasedFNATP@4560d5e9 - The date pattern is 'yyyy_MM_dd' from file name pattern './logs/webapp-%d{yyyy_MM_dd}-%i.log'.
15:49:59,452 |-INFO in ch.qos.logback.core.rolling.SizeAndTimeBasedFNATP@4560d5e9 - Roll-over at midnight.
15:49:59,452 |-INFO in ch.qos.logback.core.rolling.SizeAndTimeBasedFNATP@4560d5e9 - Setting initial period to Mon Oct 13 15:49:59 KST 2025
15:49:59,452 |-WARN in ch.qos.logback.core.rolling.SizeAndTimeBasedFNATP@4560d5e9 - SizeAndTimeBasedFNATP is deprecated. Use SizeAndTimeBasedRollingPolicy instead
15:49:59,452 |-WARN in ch.qos.logback.core.rolling.SizeAndTimeBasedFNATP@4560d5e9 - For more information see http://logback.qos.ch/manual/appenders.html#SizeAndTimeBasedRollingPolicy
15:49:59,453 |-INFO in ch.qos.logback.core.joran.action.NestedComplexPropertyIA - Assuming default type [ch.qos.logback.classic.encoder.PatternLayoutEncoder] for [encoder] property
15:49:59,454 |-INFO in ch.qos.logback.core.rolling.RollingFileAppender[FILE_SIZE_DAILY] - Active log file name: ./logs/webapp-2025_10_13-0.log
15:49:59,454 |-INFO in ch.qos.logback.core.rolling.RollingFileAppender[FILE_SIZE_DAILY] - File property is set to [null]
15:49:59,454 |-INFO in ch.qos.logback.classic.joran.action.RootLoggerAction - Setting level of ROOT logger to INFO
15:49:59,454 |-INFO in ch.qos.logback.core.joran.action.AppenderRefAction - Attaching appender named [STDOUT] to Logger[ROOT]
15:49:59,454 |-INFO in ch.qos.logback.core.joran.action.AppenderRefAction - Attaching appender named [FILE_DAILY] to Logger[ROOT]
15:49:59,454 |-INFO in ch.qos.logback.classic.joran.action.ConfigurationAction - End of configuration.
15:49:59,455 |-INFO in ch.qos.logback.classic.joran.JoranConfigurator@7fb612e9 - Registering current configuration as safe fallback point

 15:49:59.461 [scouter.server.http.HttpServer]  INFO  org.eclipse.jetty.util.log[192] - Logging initialized @808ms to org.eclipse.jetty.util.log.Slf4jLog
 15:49:59.490 [scouter.server.http.HttpServer]  INFO  scouterx.webapp.main.WebAppMain[270] - scouter webapp starting! Run-Mode:Embedded
 15:49:59.508 [scouter.server.http.HttpServer]  INFO  s.w.framework.client.net.TcpProxy[58] - TcpProxy created : pool-size:0, scouterx.webapp.framework.client.net.TcpProxy@7c463547
 15:49:59.510 [scouter.server.http.HttpServer]  INFO  s.w.framework.client.net.ClientTCP[62] - Connected scouterx.webapp.framework.client.net.ClientTCP@11a69b21 to 127.0.0.1:6100
 15:49:59.516 [scouter.server.http.HttpServer]  INFO  s.w.framework.client.net.TcpProxy[110] - TcpProxy closed : pool-size:0, scouterx.webapp.framework.client.net.TcpProxy@7c463547, stack:
 15:49:59.517 [scouter.server.http.HttpServer]  INFO  s.w.framework.client.net.TcpProxy[58] - TcpProxy created : pool-size:0, scouterx.webapp.framework.client.net.TcpProxy@5f01c65b
 15:49:59.517 [scouter.server.http.HttpServer]  INFO  s.w.framework.client.net.TcpProxy[58] - TcpProxy created : pool-size:1, scouterx.webapp.framework.client.net.TcpProxy@1f035005
 15:49:59.517 [scouter.server.http.HttpServer]  INFO  s.w.framework.client.net.TcpProxy[58] - TcpProxy created : pool-size:2, scouterx.webapp.framework.client.net.TcpProxy@3ad9bf57
 15:49:59.518 [scouter.server.http.HttpServer]  INFO  s.w.framework.client.net.TcpProxy[58] - TcpProxy created : pool-size:3, scouterx.webapp.framework.client.net.TcpProxy@6f6f6849
 15:49:59.518 [scouter.server.http.HttpServer]  INFO  s.w.framework.client.net.TcpProxy[58] - TcpProxy created : pool-size:4, scouterx.webapp.framework.client.net.TcpProxy@3e8d48e1
 15:49:59.518 [scouter.server.http.HttpServer]  INFO  s.w.framework.client.net.TcpProxy[58] - TcpProxy created : pool-size:5, scouterx.webapp.framework.client.net.TcpProxy@3b0ba44d
 15:49:59.519 [scouter.server.http.HttpServer]  INFO  s.w.framework.client.net.ClientTCP[62] - Connected scouterx.webapp.framework.client.net.ClientTCP@5a637860 to 127.0.0.1:6100
 15:49:59.523 [scouter.server.http.HttpServer]  INFO  scouterx.webapp.main.WebAppMain[223] - Successfully log in to 127.0.0.1:6100
 15:49:59.525 [scouterx.webapp.framework.client.model.AgentModelThread]  INFO  s.w.framework.client.net.ClientTCP[62] - Connected scouterx.webapp.framework.client.net.ClientTCP@7ef4ca3a to 127.0.0.1:6100
 15:49:59.531 [scouterx.webapp.framework.client.model.AgentModelThread]  INFO  s.w.framework.client.net.ClientTCP[62] - Connected scouterx.webapp.framework.client.net.ClientTCP@740ca14a to 127.0.0.1:6100
 15:49:59.597 [scouter.server.http.HttpServer]  INFO  org.eclipse.jetty.server.Server[372] - jetty-9.4.6.v20170531
 15:49:59.613 [scouter.server.http.HttpServer]  INFO  o.e.j.server.AbstractNCSARequestLog[230] - Opened /app/nx-dev-scouter/server_2.20/logs/http-request-2025_10_13.log
 15:49:59.618 [scouter.server.http.HttpServer]  INFO  org.eclipse.jetty.server.session[364] - DefaultSessionIdManager workerName=node0
 15:49:59.618 [scouter.server.http.HttpServer]  INFO  org.eclipse.jetty.server.session[369] - No SessionScavenger set, using defaults
 15:49:59.619 [scouter.server.http.HttpServer]  INFO  org.eclipse.jetty.server.session[149] - Scavenging every 600000ms
Oct 13, 2025 3:50:00 PM org.glassfish.jersey.internal.Errors logErrors
WARNING: The following warnings have been detected: WARNING: Unknown HK2 failure detected:
MultiException stack 1 of 2
java.lang.NoClassDefFoundError: com/fasterxml/jackson/core/util/JacksonFeature
	at com.fasterxml.jackson.databind.ObjectMapper.<init>(ObjectMapper.java:655)
	at com.fasterxml.jackson.databind.ObjectMapper.<init>(ObjectMapper.java:558)
	at scouterx.webapp.framework.mapper.JerseyMapperProvider.<clinit>(JerseyMapperProvider.java:32)
	at sun.reflect.NativeConstructorAccessorImpl.newInstance0(Native Method)
	at sun.reflect.NativeConstructorAccessorImpl.newInstance(NativeConstructorAccessorImpl.java:62)
	at sun.reflect.DelegatingConstructorAccessorImpl.newInstance(DelegatingConstructorAccessorImpl.java:45)
	at java.lang.reflect.Constructor.newInstance(Constructor.java:423)
	at org.glassfish.hk2.utilities.reflection.ReflectionHelper.makeMe(ReflectionHelper.java:1375)
	at org.jvnet.hk2.internal.ClazzCreator.createMe(ClazzCreator.java:272)
	at org.jvnet.hk2.internal.ClazzCreator.create(ClazzCreator.java:366)
	at org.jvnet.hk2.internal.SystemDescriptor.create(SystemDescriptor.java:487)
	at org.jvnet.hk2.internal.SingletonContext$1.compute(SingletonContext.java:83)
	at org.jvnet.hk2.internal.SingletonContext$1.compute(SingletonContext.java:71)
	at org.glassfish.hk2.utilities.cache.Cache$OriginThreadAwareFuture$1.call(Cache.java:97)
	at java.util.concurrent.FutureTask.run(FutureTask.java:266)
	at org.glassfish.hk2.utilities.cache.Cache$OriginThreadAwareFuture.run(Cache.java:154)
	at org.glassfish.hk2.utilities.cache.Cache.compute(Cache.java:199)
	at org.jvnet.hk2.internal.SingletonContext.findOrCreate(SingletonContext.java:122)
	at org.jvnet.hk2.internal.Utilities.createService(Utilities.java:2126)
	at org.jvnet.hk2.internal.ServiceLocatorImpl.internalGetAllServiceHandles(ServiceLocatorImpl.java:1491)
	at org.jvnet.hk2.internal.ServiceLocatorImpl.getAllServices(ServiceLocatorImpl.java:818)
	at org.glassfish.jersey.inject.hk2.AbstractHk2InjectionManager.getAllInstances(AbstractHk2InjectionManager.java:194)
	at org.glassfish.jersey.inject.hk2.ImmediateHk2InjectionManager.getAllInstances(ImmediateHk2InjectionManager.java:54)
	at org.glassfish.jersey.internal.ContextResolverFactory$ContextResolversConfigurator.postInit(ContextResolverFactory.java:93)
	at org.glassfish.jersey.server.ApplicationHandler.lambda$initialize$2(ApplicationHandler.java:372)
	at java.util.Arrays$ArrayList.forEach(Arrays.java:3880)
	at org.glassfish.jersey.server.ApplicationHandler.initialize(ApplicationHandler.java:372)
	at org.glassfish.jersey.server.ApplicationHandler.lambda$initialize$1(ApplicationHandler.java:316)
	at org.glassfish.jersey.internal.Errors.process(Errors.java:316)
	at org.glassfish.jersey.internal.Errors.process(Errors.java:298)
	at org.glassfish.jersey.internal.Errors.processWithException(Errors.java:256)
	at org.glassfish.jersey.server.ApplicationHandler.initialize(ApplicationHandler.java:315)
	at org.glassfish.jersey.server.ApplicationHandler.<init>(ApplicationHandler.java:282)
	at org.glassfish.jersey.servlet.WebComponent.<init>(WebComponent.java:335)
	at org.glassfish.jersey.servlet.ServletContainer.init(ServletContainer.java:178)
	at org.glassfish.jersey.servlet.ServletContainer.init(ServletContainer.java:370)
	at javax.servlet.GenericServlet.init(GenericServlet.java:244)
	at org.eclipse.jetty.servlet.ServletHolder.initServlet(ServletHolder.java:637)
	at org.eclipse.jetty.servlet.ServletHolder.initialize(ServletHolder.java:421)
	at org.eclipse.jetty.servlet.ServletHandler.initialize(ServletHandler.java:760)
	at org.eclipse.jetty.servlet.ServletContextHandler.startContext(ServletContextHandler.java:348)
	at org.eclipse.jetty.server.handler.ContextHandler.doStart(ContextHandler.java:785)
	at org.eclipse.jetty.servlet.ServletContextHandler.doStart(ServletContextHandler.java:261)
	at org.eclipse.jetty.util.component.AbstractLifeCycle.start(AbstractLifeCycle.java:68)
	at org.eclipse.jetty.util.component.ContainerLifeCycle.start(ContainerLifeCycle.java:131)
	at org.eclipse.jetty.util.component.ContainerLifeCycle.doStart(ContainerLifeCycle.java:105)
	at org.eclipse.jetty.server.handler.AbstractHandler.doStart(AbstractHandler.java:113)
	at org.eclipse.jetty.server.handler.gzip.GzipHandler.doStart(GzipHandler.java:272)
	at org.eclipse.jetty.util.component.AbstractLifeCycle.start(AbstractLifeCycle.java:68)
	at org.eclipse.jetty.util.component.ContainerLifeCycle.start(ContainerLifeCycle.java:131)
	at org.eclipse.jetty.util.component.ContainerLifeCycle.doStart(ContainerLifeCycle.java:113)
	at org.eclipse.jetty.server.handler.AbstractHandler.doStart(AbstractHandler.java:113)
	at org.eclipse.jetty.util.component.AbstractLifeCycle.start(AbstractLifeCycle.java:68)
	at org.eclipse.jetty.util.component.ContainerLifeCycle.start(ContainerLifeCycle.java:131)
	at org.eclipse.jetty.server.Server.start(Server.java:452)
	at org.eclipse.jetty.util.component.ContainerLifeCycle.doStart(ContainerLifeCycle.java:105)
	at org.eclipse.jetty.server.handler.AbstractHandler.doStart(AbstractHandler.java:113)
	at org.eclipse.jetty.server.Server.doStart(Server.java:419)
	at org.eclipse.jetty.util.component.AbstractLifeCycle.start(AbstractLifeCycle.java:68)
	at scouter.server.http.HttpServer.run(HttpServer.java:125)
Caused by: java.lang.ClassNotFoundException: com.fasterxml.jackson.core.util.JacksonFeature
	at java.net.URLClassLoader.findClass(URLClassLoader.java:387)
	at java.lang.ClassLoader.loadClass(ClassLoader.java:418)
	at java.lang.ClassLoader.loadClass(ClassLoader.java:351)
	... 60 more
MultiException stack 2 of 2
java.lang.IllegalStateException: Unable to perform operation: create on scouterx.webapp.framework.mapper.JerseyMapperProvider
	at org.jvnet.hk2.internal.ClazzCreator.create(ClazzCreator.java:393)
	at org.jvnet.hk2.internal.SystemDescriptor.create(SystemDescriptor.java:487)
	at org.jvnet.hk2.internal.SingletonContext$1.compute(SingletonContext.java:83)
	at org.jvnet.hk2.internal.SingletonContext$1.compute(SingletonContext.java:71)
	at org.glassfish.hk2.utilities.cache.Cache$OriginThreadAwareFuture$1.call(Cache.java:97)
	at java.util.concurrent.FutureTask.run(FutureTask.java:266)
	at org.glassfish.hk2.utilities.cache.Cache$OriginThreadAwareFuture.run(Cache.java:154)
	at org.glassfish.hk2.utilities.cache.Cache.compute(Cache.java:199)
	at org.jvnet.hk2.internal.SingletonContext.findOrCreate(SingletonContext.java:122)
	at org.jvnet.hk2.internal.Utilities.createService(Utilities.java:2126)
	at org.jvnet.hk2.internal.ServiceLocatorImpl.internalGetAllServiceHandles(ServiceLocatorImpl.java:1491)
	at org.jvnet.hk2.internal.ServiceLocatorImpl.getAllServices(ServiceLocatorImpl.java:818)
	at org.glassfish.jersey.inject.hk2.AbstractHk2InjectionManager.getAllInstances(AbstractHk2InjectionManager.java:194)
	at org.glassfish.jersey.inject.hk2.ImmediateHk2InjectionManager.getAllInstances(ImmediateHk2InjectionManager.java:54)
	at org.glassfish.jersey.internal.ContextResolverFactory$ContextResolversConfigurator.postInit(ContextResolverFactory.java:93)
	at org.glassfish.jersey.server.ApplicationHandler.lambda$initialize$2(ApplicationHandler.java:372)
	at java.util.Arrays$ArrayList.forEach(Arrays.java:3880)
	at org.glassfish.jersey.server.ApplicationHandler.initialize(ApplicationHandler.java:372)
	at org.glassfish.jersey.server.ApplicationHandler.lambda$initialize$1(ApplicationHandler.java:316)
	at org.glassfish.jersey.internal.Errors.process(Errors.java:316)
	at org.glassfish.jersey.internal.Errors.process(Errors.java:298)
	at org.glassfish.jersey.internal.Errors.processWithException(Errors.java:256)
	at org.glassfish.jersey.server.ApplicationHandler.initialize(ApplicationHandler.java:315)
	at org.glassfish.jersey.server.ApplicationHandler.<init>(ApplicationHandler.java:282)
	at org.glassfish.jersey.servlet.WebComponent.<init>(WebComponent.java:335)
	at org.glassfish.jersey.servlet.ServletContainer.init(ServletContainer.java:178)
	at org.glassfish.jersey.servlet.ServletContainer.init(ServletContainer.java:370)
	at javax.servlet.GenericServlet.init(GenericServlet.java:244)
	at org.eclipse.jetty.servlet.ServletHolder.initServlet(ServletHolder.java:637)
	at org.eclipse.jetty.servlet.ServletHolder.initialize(ServletHolder.java:421)
	at org.eclipse.jetty.servlet.ServletHandler.initialize(ServletHandler.java:760)
	at org.eclipse.jetty.servlet.ServletContextHandler.startContext(ServletContextHandler.java:348)
	at org.eclipse.jetty.server.handler.ContextHandler.doStart(ContextHandler.java:785)
	at org.eclipse.jetty.servlet.ServletContextHandler.doStart(ServletContextHandler.java:261)
	at org.eclipse.jetty.util.component.AbstractLifeCycle.start(AbstractLifeCycle.java:68)
	at org.eclipse.jetty.util.component.ContainerLifeCycle.start(ContainerLifeCycle.java:131)
	at org.eclipse.jetty.util.component.ContainerLifeCycle.doStart(ContainerLifeCycle.java:105)
	at org.eclipse.jetty.server.handler.AbstractHandler.doStart(AbstractHandler.java:113)
	at org.eclipse.jetty.server.handler.gzip.GzipHandler.doStart(GzipHandler.java:272)
	at org.eclipse.jetty.util.component.AbstractLifeCycle.start(AbstractLifeCycle.java:68)
	at org.eclipse.jetty.util.component.ContainerLifeCycle.start(ContainerLifeCycle.java:131)
	at org.eclipse.jetty.util.component.ContainerLifeCycle.doStart(ContainerLifeCycle.java:113)
	at org.eclipse.jetty.server.handler.AbstractHandler.doStart(AbstractHandler.java:113)
	at org.eclipse.jetty.util.component.AbstractLifeCycle.start(AbstractLifeCycle.java:68)
	at org.eclipse.jetty.util.component.ContainerLifeCycle.start(ContainerLifeCycle.java:131)
	at org.eclipse.jetty.server.Server.start(Server.java:452)
	at org.eclipse.jetty.util.component.ContainerLifeCycle.doStart(ContainerLifeCycle.java:105)
	at org.eclipse.jetty.server.handler.AbstractHandler.doStart(AbstractHandler.java:113)
	at org.eclipse.jetty.server.Server.doStart(Server.java:419)
	at org.eclipse.jetty.util.component.AbstractLifeCycle.start(AbstractLifeCycle.java:68)
	at scouter.server.http.HttpServer.run(HttpServer.java:125)


 15:50:00.198 [scouter.server.http.HttpServer]  WARN  o.e.j.s.handler.ContextHandler.ROOT[2231] - unavailable
org.glassfish.hk2.api.MultiException: A MultiException has 2 exceptions.  They are:
1. java.lang.NoClassDefFoundError: com/fasterxml/jackson/core/util/JacksonFeature
2. java.lang.IllegalStateException: Unable to perform operation: create on scouterx.webapp.framework.mapper.JerseyMapperProvider

	at org.jvnet.hk2.internal.ClazzCreator.create(ClazzCreator.java:392)
	at org.jvnet.hk2.internal.SystemDescriptor.create(SystemDescriptor.java:487)
	at org.jvnet.hk2.internal.SingletonContext$1.compute(SingletonContext.java:83)
	at org.jvnet.hk2.internal.SingletonContext$1.compute(SingletonContext.java:71)
	at org.glassfish.hk2.utilities.cache.Cache$OriginThreadAwareFuture$1.call(Cache.java:97)
	at java.util.concurrent.FutureTask.run(FutureTask.java:266)
	at org.glassfish.hk2.utilities.cache.Cache$OriginThreadAwareFuture.run(Cache.java:154)
	at org.glassfish.hk2.utilities.cache.Cache.compute(Cache.java:199)
	at org.jvnet.hk2.internal.SingletonContext.findOrCreate(SingletonContext.java:122)
	at org.jvnet.hk2.internal.Utilities.createService(Utilities.java:2126)
	at org.jvnet.hk2.internal.ServiceLocatorImpl.internalGetAllServiceHandles(ServiceLocatorImpl.java:1491)
	at org.jvnet.hk2.internal.ServiceLocatorImpl.getAllServices(ServiceLocatorImpl.java:818)
	at org.glassfish.jersey.inject.hk2.AbstractHk2InjectionManager.getAllInstances(AbstractHk2InjectionManager.java:194)
	at org.glassfish.jersey.inject.hk2.ImmediateHk2InjectionManager.getAllInstances(ImmediateHk2InjectionManager.java:54)
	at org.glassfish.jersey.internal.ContextResolverFactory$ContextResolversConfigurator.postInit(ContextResolverFactory.java:93)
	at org.glassfish.jersey.server.ApplicationHandler.lambda$initialize$2(ApplicationHandler.java:372)
	at java.util.Arrays$ArrayList.forEach(Arrays.java:3880)
	at org.glassfish.jersey.server.ApplicationHandler.initialize(ApplicationHandler.java:372)
	at org.glassfish.jersey.server.ApplicationHandler.lambda$initialize$1(ApplicationHandler.java:316)
	at org.glassfish.jersey.internal.Errors.process(Errors.java:316)
	at org.glassfish.jersey.internal.Errors.process(Errors.java:298)
	at org.glassfish.jersey.internal.Errors.processWithException(Errors.java:256)
	at org.glassfish.jersey.server.ApplicationHandler.initialize(ApplicationHandler.java:315)
	at org.glassfish.jersey.server.ApplicationHandler.<init>(ApplicationHandler.java:282)
	at org.glassfish.jersey.servlet.WebComponent.<init>(WebComponent.java:335)
	at org.glassfish.jersey.servlet.ServletContainer.init(ServletContainer.java:178)
	at org.glassfish.jersey.servlet.ServletContainer.init(ServletContainer.java:370)
	at javax.servlet.GenericServlet.init(GenericServlet.java:244)
	at org.eclipse.jetty.servlet.ServletHolder.initServlet(ServletHolder.java:637)
	at org.eclipse.jetty.servlet.ServletHolder.initialize(ServletHolder.java:421)
	at org.eclipse.jetty.servlet.ServletHandler.initialize(ServletHandler.java:760)
	at org.eclipse.jetty.servlet.ServletContextHandler.startContext(ServletContextHandler.java:348)
	at org.eclipse.jetty.server.handler.ContextHandler.doStart(ContextHandler.java:785)
	at org.eclipse.jetty.servlet.ServletContextHandler.doStart(ServletContextHandler.java:261)
	at org.eclipse.jetty.util.component.AbstractLifeCycle.start(AbstractLifeCycle.java:68)
	at org.eclipse.jetty.util.component.ContainerLifeCycle.start(ContainerLifeCycle.java:131)
	at org.eclipse.jetty.util.component.ContainerLifeCycle.doStart(ContainerLifeCycle.java:105)
	at org.eclipse.jetty.server.handler.AbstractHandler.doStart(AbstractHandler.java:113)
	at org.eclipse.jetty.server.handler.gzip.GzipHandler.doStart(GzipHandler.java:272)
	at org.eclipse.jetty.util.component.AbstractLifeCycle.start(AbstractLifeCycle.java:68)
	at org.eclipse.jetty.util.component.ContainerLifeCycle.start(ContainerLifeCycle.java:131)
	at org.eclipse.jetty.util.component.ContainerLifeCycle.doStart(ContainerLifeCycle.java:113)
	at org.eclipse.jetty.server.handler.AbstractHandler.doStart(AbstractHandler.java:113)
	at org.eclipse.jetty.util.component.AbstractLifeCycle.start(AbstractLifeCycle.java:68)
	at org.eclipse.jetty.util.component.ContainerLifeCycle.start(ContainerLifeCycle.java:131)
	at org.eclipse.jetty.server.Server.start(Server.java:452)
	at org.eclipse.jetty.util.component.ContainerLifeCycle.doStart(ContainerLifeCycle.java:105)
	at org.eclipse.jetty.server.handler.AbstractHandler.doStart(AbstractHandler.java:113)
	at org.eclipse.jetty.server.Server.doStart(Server.java:419)
	at org.eclipse.jetty.util.component.AbstractLifeCycle.start(AbstractLifeCycle.java:68)
	at scouter.server.http.HttpServer.run(HttpServer.java:125)
Caused by: java.lang.NoClassDefFoundError: com/fasterxml/jackson/core/util/JacksonFeature
	at com.fasterxml.jackson.databind.ObjectMapper.<init>(ObjectMapper.java:655)
	at com.fasterxml.jackson.databind.ObjectMapper.<init>(ObjectMapper.java:558)
	at scouterx.webapp.framework.mapper.JerseyMapperProvider.<clinit>(JerseyMapperProvider.java:32)
	at sun.reflect.NativeConstructorAccessorImpl.newInstance0(Native Method)
	at sun.reflect.NativeConstructorAccessorImpl.newInstance(NativeConstructorAccessorImpl.java:62)
	at sun.reflect.DelegatingConstructorAccessorImpl.newInstance(DelegatingConstructorAccessorImpl.java:45)
	at java.lang.reflect.Constructor.newInstance(Constructor.java:423)
	at org.glassfish.hk2.utilities.reflection.ReflectionHelper.makeMe(ReflectionHelper.java:1375)
	at org.jvnet.hk2.internal.ClazzCreator.createMe(ClazzCreator.java:272)
	at org.jvnet.hk2.internal.ClazzCreator.create(ClazzCreator.java:366)
	... 50 common frames omitted
Caused by: java.lang.ClassNotFoundException: com.fasterxml.jackson.core.util.JacksonFeature
	at java.net.URLClassLoader.findClass(URLClassLoader.java:387)
	at java.lang.ClassLoader.loadClass(ClassLoader.java:418)
	at java.lang.ClassLoader.loadClass(ClassLoader.java:351)
	... 60 common frames omitted
 15:50:00.206 [scouter.server.http.HttpServer]  INFO  o.e.jetty.server.AbstractConnector[280] - Started ServerConnector@b85787d{HTTP/1.1,[http/1.1]}{0.0.0.0:6180}
 15:50:00.496 [XLogThread-127.0.0.1:6100-0]  INFO  s.w.framework.client.net.ClientTCP[62] - Connected scouterx.webapp.framework.client.net.ClientTCP@14e5f2f5 to 127.0.0.1:6100
 15:50:01.493 [scouterx.webapp.framework.client.server.ServerManager]  INFO  s.w.framework.client.net.ClientTCP[62] - Connected scouterx.webapp.framework.client.net.ClientTCP@339c3c8a to 127.0.0.1:6100
 15:50:01.498 [XLogThread-127.0.0.1:6100-0]  INFO  s.w.framework.client.net.ClientTCP[62] - Connected scouterx.webapp.framework.client.net.ClientTCP@314df5d4 to 127.0.0.1:6100
please check.. COUNTER_REAL_TIME_ALL objType is null
please check.. COUNTER_REAL_TIME_ALL objType is null
please check.. COUNTER_REAL_TIME_ALL objType is null
please check.. COUNTER_REAL_TIME_ALL objType is null
please check.. COUNTER_REAL_TIME_ALL objType is null
please check.. COUNTER_REAL_TIME_ALL objType is null
please check.. COUNTER_REAL_TIME_ALL objType is null
please check.. COUNTER_REAL_TIME_ALL objType is null
please check.. COUNTER_REAL_TIME_ALL objType is null
please check.. COUNTER_REAL_TIME_ALL objType is null
please check.. COUNTER_REAL_TIME_ALL objType is null
please check.. COUNTER_REAL_TIME_ALL objType is null
please check.. COUNTER_REAL_TIME_ALL objType is null
please check.. COUNTER_REAL_TIME_ALL objType is null
please check.. COUNTER_REAL_TIME_ALL objType is null
please check.. COUNTER_REAL_TIME_ALL objType is null
please check.. COUNTER_REAL_TIME_ALL objType is null
please check.. COUNTER_REAL_TIME_ALL objType is null
please check.. COUNTER_REAL_TIME_ALL objType is null
please check.. COUNTER_REAL_TIME_ALL objType is null
please check.. COUNTER_REAL_TIME_ALL objType is null
please check.. COUNTER_REAL_TIME_ALL objType is null
please check.. COUNTER_LOAD_TIME_ALL objType is null
please check.. COUNTER_LOAD_TIME_ALL objType is null
please check.. COUNTER_LOAD_TIME_ALL objType is null
please check.. COUNTER_LOAD_TIME_ALL objType is null
please check.. COUNTER_LOAD_TIME_ALL objType is null
please check.. COUNTER_LOAD_TIME_ALL objType is null
please check.. COUNTER_REAL_TIME_ALL objType is null
please check.. COUNTER_REAL_TIME_ALL objType is null
please check.. COUNTER_LOAD_TIME_ALL objType is null
please check.. COUNTER_LOAD_TIME_ALL objType is null
please check.. COUNTER_LOAD_TIME_ALL objType is null
please check.. COUNTER_LOAD_TIME_ALL objType is null
please check.. COUNTER_LOAD_TIME_ALL objType is null
please check.. COUNTER_LOAD_TIME_ALL objType is null
please check.. COUNTER_REAL_TIME_ALL objType is null
please check.. COUNTER_REAL_TIME_ALL objType is null
please check.. COUNTER_REAL_TIME_ALL objType is null
please check.. COUNTER_REAL_TIME_ALL objType is null
please check.. COUNTER_REAL_TIME_ALL objType is null
please check.. COUNTER_REAL_TIME_ALL objType is null
please check.. COUNTER_LOAD_TIME_ALL objType is null
please check.. COUNTER_LOAD_TIME_ALL objType is null
please check.. COUNTER_LOAD_TIME_ALL objType is null
please check.. COUNTER_LOAD_TIME_ALL objType is null
please check.. COUNTER_LOAD_TIME_ALL objType is null
please check.. COUNTER_LOAD_TIME_ALL objType is null
