20251013 15:03:33 Scouter Server Version 2.20.0 2023-05-29 05:14 GMT
20251013 15:03:33 [PID]390397
  ____                  _            
 / ___|  ___ ___  _   _| |_ ___ _ __ 
 \___ \ / __/   \| | | | __/ _ \ '__|
  ___) | (_| (+) | |_| | ||  __/ |   
 |____/ \___\___/ \__,_|\__\___|_|                                      
 Open Source S/W Performance Monitoring  
 Scouter version 2.20.0
 
20251013 15:03:33 Load Account Group File
20251013 15:03:33 Load Account File
20251013 15:03:33 Load Account Group File
20251013 15:03:33 udp listen 0.0.0.0:6100
20251013 15:03:33 	udp_host=0.0.0.0
20251013 15:03:33 	udp_port=6100
20251013 15:03:33 	udp_buffer=65535
20251013 15:03:33 	udp_so_rcvbuf=4194304
20251013 15:03:33 Load Account File
20251013 15:03:33 	tcp_port=6100
20251013 15:03:33 	cp_agent_so_timeout=60000
20251013 15:03:33 	cp_client_so_timeout=8000
20251013 15:03:33 [BuiltInPlugin]scouter.plugin.server.alert.slack.SlackPlugin=>counter
20251013 15:03:33 [BuiltInPlugin]scouter.plugin.server.alert.slack.SlackPlugin=>alert
20251013 15:03:33 [BuiltInPlugin]scouter.plugin.server.alert.slack.SlackPlugin=>object
20251013 15:03:33 [BuiltInPlugin]scouter.plugin.server.alert.slack.SlackPlugin=>xlog
20251013 15:03:38 [A1601] error on toClass with javassist. try to fallback for java8 below. err:java.lang.Class.getModule()Ljava/lang/Module;
20251013 15:03:38 [S215] Alert rule detected : ErrorRate.alert
20251013 15:03:38 [S1600] error on toClass with javassist. try to fallback for java8 below. err:java.lang.Class.getModule()Ljava/lang/Module;
20251013 15:03:38 PLUG-IN : scouter.server.plugin.IAlert loaded #xcgfuci
20251013 15:03:38 [S1600] error on toClass with javassist. try to fallback for java8 below. err:java.lang.Class.getModule()Ljava/lang/Module;
20251013 15:03:38 PLUG-IN : scouter.server.plugin.ICounter loaded #x1t4j5pf
20251013 15:03:38 [S1600] error on toClass with javassist. try to fallback for java8 below. err:java.lang.Class.getModule()Ljava/lang/Module;
20251013 15:03:38 PLUG-IN : scouter.server.plugin.IObject loaded #xsf8ots
20251013 15:03:38 [S1600] error on toClass with javassist. try to fallback for java8 below. err:java.lang.Class.getModule()Ljava/lang/Module;
20251013 15:03:38 PLUG-IN : scouter.server.plugin.IXLog loaded #x96o3vj
20251013 15:03:38 [S1600] error on toClass with javassist. try to fallback for java8 below. err:java.lang.Class.getModule()Ljava/lang/Module;
20251013 15:03:38 PLUG-IN : scouter.server.plugin.IXLog loaded #xtiit2b
20251013 15:03:38 [S1600] error on toClass with javassist. try to fallback for java8 below. err:java.lang.Class.getModule()Ljava/lang/Module;
20251013 15:03:38 PLUG-IN : scouter.server.plugin.IXLogProfile loaded #xjb57ea
20251013 15:03:38 [S1600] error on toClass with javassist. try to fallback for java8 below. err:java.lang.Class.getModule()Ljava/lang/Module;
20251013 15:03:38 PLUG-IN : scouter.server.plugin.ISummary loaded #x6e4nhm
20251013 15:06:25 [S178] Server Shutdown
20251013 15:06:25 [S179] Shutdown scouter.server.db.DBCtr$$anon$1@60975100 ...
20251013 15:06:25 [S179] Shutdown scouter.server.core.CoreRun$$anon$1@1253e7cb ...
20251013 15:06:29 Scouter Server Version 2.20.0 2023-05-29 05:14 GMT
20251013 15:06:29 [PID]397480
  ____                  _            
 / ___|  ___ ___  _   _| |_ ___ _ __ 
 \___ \ / __/   \| | | | __/ _ \ '__|
  ___) | (_| (+) | |_| | ||  __/ |   
 |____/ \___\___/ \__,_|\__\___|_|                                      
 Open Source S/W Performance Monitoring  
 Scouter version 2.20.0
 
20251013 15:06:29 Load Account Group File
20251013 15:06:29 Load Account File
20251013 15:06:29 Load Account Group File
20251013 15:06:29 udp listen 0.0.0.0:6100
20251013 15:06:29 	udp_host=0.0.0.0
20251013 15:06:29 	udp_port=6100
20251013 15:06:29 	udp_buffer=65535
20251013 15:06:29 	udp_so_rcvbuf=4194304
20251013 15:06:29 Load Account File
20251013 15:06:29 	tcp_port=6100
20251013 15:06:29 	cp_agent_so_timeout=60000
20251013 15:06:29 	cp_client_so_timeout=8000
20251013 15:06:29 [BuiltInPlugin]scouter.plugin.server.alert.slack.SlackPlugin=>counter
20251013 15:06:29 [BuiltInPlugin]scouter.plugin.server.alert.slack.SlackPlugin=>object
20251013 15:06:29 [BuiltInPlugin]scouter.plugin.server.alert.slack.SlackPlugin=>xlog
20251013 15:06:29 [BuiltInPlugin]scouter.plugin.server.alert.slack.SlackPlugin=>alert
20251013 15:06:34 [A1601] error on toClass with javassist. try to fallback for java8 below. err:java.lang.Class.getModule()Ljava/lang/Module;
20251013 15:06:34 [S215] Alert rule detected : ErrorRate.alert
20251013 15:06:34 [S1600] error on toClass with javassist. try to fallback for java8 below. err:java.lang.Class.getModule()Ljava/lang/Module;
20251013 15:06:34 PLUG-IN : scouter.server.plugin.IAlert loaded #x1edchdi
20251013 15:06:34 [S1600] error on toClass with javassist. try to fallback for java8 below. err:java.lang.Class.getModule()Ljava/lang/Module;
20251013 15:06:34 PLUG-IN : scouter.server.plugin.ICounter loaded #x1gvsdfa
20251013 15:06:34 [S1600] error on toClass with javassist. try to fallback for java8 below. err:java.lang.Class.getModule()Ljava/lang/Module;
20251013 15:06:34 PLUG-IN : scouter.server.plugin.IObject loaded #x15iurp8
20251013 15:06:34 [S1600] error on toClass with javassist. try to fallback for java8 below. err:java.lang.Class.getModule()Ljava/lang/Module;
20251013 15:06:34 PLUG-IN : scouter.server.plugin.IXLog loaded #x12r2fub
20251013 15:06:34 [S1600] error on toClass with javassist. try to fallback for java8 below. err:java.lang.Class.getModule()Ljava/lang/Module;
20251013 15:06:34 PLUG-IN : scouter.server.plugin.IXLog loaded #x194u9qs
20251013 15:06:34 [S1600] error on toClass with javassist. try to fallback for java8 below. err:java.lang.Class.getModule()Ljava/lang/Module;
20251013 15:06:34 PLUG-IN : scouter.server.plugin.IXLogProfile loaded #xb9rh9d
20251013 15:06:34 [S1600] error on toClass with javassist. try to fallback for java8 below. err:java.lang.Class.getModule()Ljava/lang/Module;
20251013 15:06:34 PLUG-IN : scouter.server.plugin.ISummary loaded #x1i9enla
