 15:03:33.851 [scouter.server.http.HttpServer]  INFO  org.eclipse.jetty.util.log[192] - Logging initialized @760ms to org.eclipse.jetty.util.log.Slf4jLog
 15:03:33.909 [scouter.server.http.HttpServer]  INFO  org.eclipse.jetty.server.Server[372] - jetty-9.4.6.v20170531
 15:03:33.926 [scouter.server.http.HttpServer]  INFO  o.e.j.server.AbstractNCSARequestLog[230] - Opened /app/scouter/server/logs/http-request-2025_10_13.log
 15:03:33.941 [scouter.server.http.HttpServer]  INFO  org.eclipse.jetty.server.session[364] - DefaultSessionIdManager workerName=node0
 15:03:33.941 [scouter.server.http.HttpServer]  INFO  org.eclipse.jetty.server.session[369] - No SessionScavenger set, using defaults
 15:03:33.942 [scouter.server.http.HttpServer]  INFO  org.eclipse.jetty.server.session[149] - Scavenging every 660000ms
 15:03:33.945 [scouter.server.http.HttpServer]  INFO  o.e.j.server.handler.ContextHandler[788] - Started o.e.j.s.ServletContextHandler@5908d32a{/,null,AVAILABLE}
 15:03:33.951 [scouter.server.http.HttpServer]  INFO  o.e.jetty.server.AbstractConnector[280] - Started ServerConnector@1cd906a7{HTTP/1.1,[http/1.1]}{0.0.0.0:6180}
 15:03:33.952 [scouter.server.http.HttpServer]  INFO  org.eclipse.jetty.server.Server[444] - Started @862ms
 15:06:29.321 [scouter.server.http.HttpServer]  INFO  org.eclipse.jetty.util.log[192] - Logging initialized @754ms to org.eclipse.jetty.util.log.Slf4jLog
 15:06:29.374 [scouter.server.http.HttpServer]  INFO  org.eclipse.jetty.server.Server[372] - jetty-9.4.6.v20170531
 15:06:29.390 [scouter.server.http.HttpServer]  INFO  o.e.j.server.AbstractNCSARequestLog[230] - Opened /app/scouter/server/logs/http-request-2025_10_13.log
 15:06:29.405 [scouter.server.http.HttpServer]  INFO  org.eclipse.jetty.server.session[364] - DefaultSessionIdManager workerName=node0
 15:06:29.405 [scouter.server.http.HttpServer]  INFO  org.eclipse.jetty.server.session[369] - No SessionScavenger set, using defaults
 15:06:29.407 [scouter.server.http.HttpServer]  INFO  org.eclipse.jetty.server.session[149] - Scavenging every 660000ms
 15:06:29.409 [scouter.server.http.HttpServer]  INFO  o.e.j.server.handler.ContextHandler[788] - Started o.e.j.s.ServletContextHandler@6b9e9694{/,null,AVAILABLE}
 15:06:29.416 [scouter.server.http.HttpServer]  INFO  o.e.jetty.server.AbstractConnector[280] - Started ServerConnector@5f0e7383{HTTP/1.1,[http/1.1]}{0.0.0.0:6180}
 15:06:29.416 [scouter.server.http.HttpServer]  INFO  org.eclipse.jetty.server.Server[444] - Started @851ms
 15:49:59.461 [scouter.server.http.HttpServer]  INFO  org.eclipse.jetty.util.log[192] - Logging initialized @808ms to org.eclipse.jetty.util.log.Slf4jLog
 15:49:59.490 [scouter.server.http.HttpServer]  INFO  scouterx.webapp.main.WebAppMain[270] - scouter webapp starting! Run-Mode:Embedded
 15:49:59.508 [scouter.server.http.HttpServer]  INFO  s.w.framework.client.net.TcpProxy[58] - TcpProxy created : pool-size:0, scouterx.webapp.framework.client.net.TcpProxy@7c463547
 15:49:59.510 [scouter.server.http.HttpServer]  INFO  s.w.framework.client.net.ClientTCP[62] - Connected scouterx.webapp.framework.client.net.ClientTCP@11a69b21 to 127.0.0.1:6100
 15:49:59.516 [scouter.server.http.HttpServer]  INFO  s.w.framework.client.net.TcpProxy[110] - TcpProxy closed : pool-size:0, scouterx.webapp.framework.client.net.TcpProxy@7c463547, stack:
 15:49:59.517 [scouter.server.http.HttpServer]  INFO  s.w.framework.client.net.TcpProxy[58] - TcpProxy created : pool-size:0, scouterx.webapp.framework.client.net.TcpProxy@5f01c65b
 15:49:59.517 [scouter.server.http.HttpServer]  INFO  s.w.framework.client.net.TcpProxy[58] - TcpProxy created : pool-size:1, scouterx.webapp.framework.client.net.TcpProxy@1f035005
 15:49:59.517 [scouter.server.http.HttpServer]  INFO  s.w.framework.client.net.TcpProxy[58] - TcpProxy created : pool-size:2, scouterx.webapp.framework.client.net.TcpProxy@3ad9bf57
 15:49:59.518 [scouter.server.http.HttpServer]  INFO  s.w.framework.client.net.TcpProxy[58] - TcpProxy created : pool-size:3, scouterx.webapp.framework.client.net.TcpProxy@6f6f6849
 15:49:59.518 [scouter.server.http.HttpServer]  INFO  s.w.framework.client.net.TcpProxy[58] - TcpProxy created : pool-size:4, scouterx.webapp.framework.client.net.TcpProxy@3e8d48e1
 15:49:59.518 [scouter.server.http.HttpServer]  INFO  s.w.framework.client.net.TcpProxy[58] - TcpProxy created : pool-size:5, scouterx.webapp.framework.client.net.TcpProxy@3b0ba44d
 15:49:59.519 [scouter.server.http.HttpServer]  INFO  s.w.framework.client.net.ClientTCP[62] - Connected scouterx.webapp.framework.client.net.ClientTCP@5a637860 to 127.0.0.1:6100
 15:49:59.523 [scouter.server.http.HttpServer]  INFO  scouterx.webapp.main.WebAppMain[223] - Successfully log in to 127.0.0.1:6100
 15:49:59.525 [scouterx.webapp.framework.client.model.AgentModelThread]  INFO  s.w.framework.client.net.ClientTCP[62] - Connected scouterx.webapp.framework.client.net.ClientTCP@7ef4ca3a to 127.0.0.1:6100
 15:49:59.531 [scouterx.webapp.framework.client.model.AgentModelThread]  INFO  s.w.framework.client.net.ClientTCP[62] - Connected scouterx.webapp.framework.client.net.ClientTCP@740ca14a to 127.0.0.1:6100
 15:49:59.597 [scouter.server.http.HttpServer]  INFO  org.eclipse.jetty.server.Server[372] - jetty-9.4.6.v20170531
 15:49:59.613 [scouter.server.http.HttpServer]  INFO  o.e.j.server.AbstractNCSARequestLog[230] - Opened /app/nx-dev-scouter/server_2.20/logs/http-request-2025_10_13.log
 15:49:59.618 [scouter.server.http.HttpServer]  INFO  org.eclipse.jetty.server.session[364] - DefaultSessionIdManager workerName=node0
 15:49:59.618 [scouter.server.http.HttpServer]  INFO  org.eclipse.jetty.server.session[369] - No SessionScavenger set, using defaults
 15:49:59.619 [scouter.server.http.HttpServer]  INFO  org.eclipse.jetty.server.session[149] - Scavenging every 600000ms
 15:50:00.198 [scouter.server.http.HttpServer]  WARN  o.e.j.s.handler.ContextHandler.ROOT[2231] - unavailable
org.glassfish.hk2.api.MultiException: A MultiException has 2 exceptions.  They are:
1. java.lang.NoClassDefFoundError: com/fasterxml/jackson/core/util/JacksonFeature
2. java.lang.IllegalStateException: Unable to perform operation: create on scouterx.webapp.framework.mapper.JerseyMapperProvider

	at org.jvnet.hk2.internal.ClazzCreator.create(ClazzCreator.java:392)
	at org.jvnet.hk2.internal.SystemDescriptor.create(SystemDescriptor.java:487)
	at org.jvnet.hk2.internal.SingletonContext$1.compute(SingletonContext.java:83)
	at org.jvnet.hk2.internal.SingletonContext$1.compute(SingletonContext.java:71)
	at org.glassfish.hk2.utilities.cache.Cache$OriginThreadAwareFuture$1.call(Cache.java:97)
	at java.util.concurrent.FutureTask.run(FutureTask.java:266)
	at org.glassfish.hk2.utilities.cache.Cache$OriginThreadAwareFuture.run(Cache.java:154)
	at org.glassfish.hk2.utilities.cache.Cache.compute(Cache.java:199)
	at org.jvnet.hk2.internal.SingletonContext.findOrCreate(SingletonContext.java:122)
	at org.jvnet.hk2.internal.Utilities.createService(Utilities.java:2126)
	at org.jvnet.hk2.internal.ServiceLocatorImpl.internalGetAllServiceHandles(ServiceLocatorImpl.java:1491)
	at org.jvnet.hk2.internal.ServiceLocatorImpl.getAllServices(ServiceLocatorImpl.java:818)
	at org.glassfish.jersey.inject.hk2.AbstractHk2InjectionManager.getAllInstances(AbstractHk2InjectionManager.java:194)
	at org.glassfish.jersey.inject.hk2.ImmediateHk2InjectionManager.getAllInstances(ImmediateHk2InjectionManager.java:54)
	at org.glassfish.jersey.internal.ContextResolverFactory$ContextResolversConfigurator.postInit(ContextResolverFactory.java:93)
	at org.glassfish.jersey.server.ApplicationHandler.lambda$initialize$2(ApplicationHandler.java:372)
	at java.util.Arrays$ArrayList.forEach(Arrays.java:3880)
	at org.glassfish.jersey.server.ApplicationHandler.initialize(ApplicationHandler.java:372)
	at org.glassfish.jersey.server.ApplicationHandler.lambda$initialize$1(ApplicationHandler.java:316)
	at org.glassfish.jersey.internal.Errors.process(Errors.java:316)
	at org.glassfish.jersey.internal.Errors.process(Errors.java:298)
	at org.glassfish.jersey.internal.Errors.processWithException(Errors.java:256)
	at org.glassfish.jersey.server.ApplicationHandler.initialize(ApplicationHandler.java:315)
	at org.glassfish.jersey.server.ApplicationHandler.<init>(ApplicationHandler.java:282)
	at org.glassfish.jersey.servlet.WebComponent.<init>(WebComponent.java:335)
	at org.glassfish.jersey.servlet.ServletContainer.init(ServletContainer.java:178)
	at org.glassfish.jersey.servlet.ServletContainer.init(ServletContainer.java:370)
	at javax.servlet.GenericServlet.init(GenericServlet.java:244)
	at org.eclipse.jetty.servlet.ServletHolder.initServlet(ServletHolder.java:637)
	at org.eclipse.jetty.servlet.ServletHolder.initialize(ServletHolder.java:421)
	at org.eclipse.jetty.servlet.ServletHandler.initialize(ServletHandler.java:760)
	at org.eclipse.jetty.servlet.ServletContextHandler.startContext(ServletContextHandler.java:348)
	at org.eclipse.jetty.server.handler.ContextHandler.doStart(ContextHandler.java:785)
	at org.eclipse.jetty.servlet.ServletContextHandler.doStart(ServletContextHandler.java:261)
	at org.eclipse.jetty.util.component.AbstractLifeCycle.start(AbstractLifeCycle.java:68)
	at org.eclipse.jetty.util.component.ContainerLifeCycle.start(ContainerLifeCycle.java:131)
	at org.eclipse.jetty.util.component.ContainerLifeCycle.doStart(ContainerLifeCycle.java:105)
	at org.eclipse.jetty.server.handler.AbstractHandler.doStart(AbstractHandler.java:113)
	at org.eclipse.jetty.server.handler.gzip.GzipHandler.doStart(GzipHandler.java:272)
	at org.eclipse.jetty.util.component.AbstractLifeCycle.start(AbstractLifeCycle.java:68)
	at org.eclipse.jetty.util.component.ContainerLifeCycle.start(ContainerLifeCycle.java:131)
	at org.eclipse.jetty.util.component.ContainerLifeCycle.doStart(ContainerLifeCycle.java:113)
	at org.eclipse.jetty.server.handler.AbstractHandler.doStart(AbstractHandler.java:113)
	at org.eclipse.jetty.util.component.AbstractLifeCycle.start(AbstractLifeCycle.java:68)
	at org.eclipse.jetty.util.component.ContainerLifeCycle.start(ContainerLifeCycle.java:131)
	at org.eclipse.jetty.server.Server.start(Server.java:452)
	at org.eclipse.jetty.util.component.ContainerLifeCycle.doStart(ContainerLifeCycle.java:105)
	at org.eclipse.jetty.server.handler.AbstractHandler.doStart(AbstractHandler.java:113)
	at org.eclipse.jetty.server.Server.doStart(Server.java:419)
	at org.eclipse.jetty.util.component.AbstractLifeCycle.start(AbstractLifeCycle.java:68)
	at scouter.server.http.HttpServer.run(HttpServer.java:125)
Caused by: java.lang.NoClassDefFoundError: com/fasterxml/jackson/core/util/JacksonFeature
	at com.fasterxml.jackson.databind.ObjectMapper.<init>(ObjectMapper.java:655)
	at com.fasterxml.jackson.databind.ObjectMapper.<init>(ObjectMapper.java:558)
	at scouterx.webapp.framework.mapper.JerseyMapperProvider.<clinit>(JerseyMapperProvider.java:32)
	at sun.reflect.NativeConstructorAccessorImpl.newInstance0(Native Method)
	at sun.reflect.NativeConstructorAccessorImpl.newInstance(NativeConstructorAccessorImpl.java:62)
	at sun.reflect.DelegatingConstructorAccessorImpl.newInstance(DelegatingConstructorAccessorImpl.java:45)
	at java.lang.reflect.Constructor.newInstance(Constructor.java:423)
	at org.glassfish.hk2.utilities.reflection.ReflectionHelper.makeMe(ReflectionHelper.java:1375)
	at org.jvnet.hk2.internal.ClazzCreator.createMe(ClazzCreator.java:272)
	at org.jvnet.hk2.internal.ClazzCreator.create(ClazzCreator.java:366)
	... 50 common frames omitted
Caused by: java.lang.ClassNotFoundException: com.fasterxml.jackson.core.util.JacksonFeature
	at java.net.URLClassLoader.findClass(URLClassLoader.java:387)
	at java.lang.ClassLoader.loadClass(ClassLoader.java:418)
	at java.lang.ClassLoader.loadClass(ClassLoader.java:351)
	... 60 common frames omitted
 15:50:00.206 [scouter.server.http.HttpServer]  INFO  o.e.jetty.server.AbstractConnector[280] - Started ServerConnector@b85787d{HTTP/1.1,[http/1.1]}{0.0.0.0:6180}
 15:50:00.496 [XLogThread-127.0.0.1:6100-0]  INFO  s.w.framework.client.net.ClientTCP[62] - Connected scouterx.webapp.framework.client.net.ClientTCP@14e5f2f5 to 127.0.0.1:6100
 15:50:01.493 [scouterx.webapp.framework.client.server.ServerManager]  INFO  s.w.framework.client.net.ClientTCP[62] - Connected scouterx.webapp.framework.client.net.ClientTCP@339c3c8a to 127.0.0.1:6100
 15:50:01.498 [XLogThread-127.0.0.1:6100-0]  INFO  s.w.framework.client.net.ClientTCP[62] - Connected scouterx.webapp.framework.client.net.ClientTCP@314df5d4 to 127.0.0.1:6100
