 15:42:08.327 [main]  INFO  scouterx.webapp.main.WebAppMain[270] - scouter webapp starting! Run-Mode:StandAlone
 15:42:08.376 [main]  INFO  s.w.framework.client.net.TcpProxy[58] - TcpProxy created : pool-size:0, scouterx.webapp.framework.client.net.TcpProxy@fbd1f6
 15:42:08.381 [main]  INFO  s.w.framework.client.net.ClientTCP[62] - Connected scouterx.webapp.framework.client.net.ClientTCP@63475ace to 127.0.0.1:6100
 15:42:08.383 [main]  INFO  s.w.framework.client.net.TcpProxy[110] - TcpProxy closed : pool-size:0, scouterx.webapp.framework.client.net.TcpProxy@fbd1f6, stack:
 15:42:08.384 [main]  INFO  s.w.framework.client.net.TcpProxy[58] - TcpProxy created : pool-size:0, scouterx.webapp.framework.client.net.TcpProxy@71e9ddb4
 15:42:08.384 [main]  INFO  s.w.framework.client.net.TcpProxy[58] - TcpProxy created : pool-size:1, scouterx.webapp.framework.client.net.TcpProxy@394df057
 15:42:08.384 [main]  INFO  s.w.framework.client.net.TcpProxy[58] - TcpProxy created : pool-size:2, scouterx.webapp.framework.client.net.TcpProxy@4961f6af
 15:42:08.385 [main]  INFO  s.w.framework.client.net.TcpProxy[58] - TcpProxy created : pool-size:3, scouterx.webapp.framework.client.net.TcpProxy@5aebe890
 15:42:08.385 [main]  INFO  s.w.framework.client.net.TcpProxy[58] - TcpProxy created : pool-size:4, scouterx.webapp.framework.client.net.TcpProxy@65d09a04
 15:42:08.385 [main]  INFO  s.w.framework.client.net.TcpProxy[58] - TcpProxy created : pool-size:5, scouterx.webapp.framework.client.net.TcpProxy@33c911a1
 15:42:08.386 [main]  INFO  s.w.framework.client.net.ClientTCP[62] - Connected scouterx.webapp.framework.client.net.ClientTCP@45b4c3a9 to 127.0.0.1:6100
 15:42:08.401 [main]  INFO  scouterx.webapp.main.WebAppMain[223] - Successfully log in to 127.0.0.1:6100
 15:42:08.402 [scouterx.webapp.framework.client.model.AgentModelThread]  INFO  s.w.framework.client.net.ClientTCP[62] - Connected scouterx.webapp.framework.client.net.ClientTCP@41f0d72a to 127.0.0.1:6100
 15:42:08.410 [main]  INFO  org.eclipse.jetty.util.log[192] - Logging initialized @491ms to org.eclipse.jetty.util.log.Slf4jLog
 15:42:08.412 [scouterx.webapp.framework.client.model.AgentModelThread]  INFO  s.w.framework.client.net.ClientTCP[62] - Connected scouterx.webapp.framework.client.net.ClientTCP@4b08bc5a to 127.0.0.1:6100
 15:42:08.506 [main]  INFO  org.eclipse.jetty.server.Server[372] - jetty-9.4.6.v20170531
 15:42:08.523 [main]  INFO  o.e.j.server.AbstractNCSARequestLog[230] - Opened /app/nx-dev-scouter/webapp/logs/http-request-2025_10_13.log
 15:42:08.528 [main]  INFO  org.eclipse.jetty.server.session[364] - DefaultSessionIdManager workerName=node0
 15:42:08.528 [main]  INFO  org.eclipse.jetty.server.session[369] - No SessionScavenger set, using defaults
 15:42:08.530 [main]  INFO  org.eclipse.jetty.server.session[149] - Scavenging every 600000ms
 15:42:09.212 [main]  INFO  o.h.validator.internal.util.Version[27] - HV000001: Hibernate Validator 5.1.3.Final
 15:42:09.340 [XLogThread-127.0.0.1:6100-0]  INFO  s.w.framework.client.net.ClientTCP[62] - Connected scouterx.webapp.framework.client.net.ClientTCP@4d6f07d6 to 127.0.0.1:6100
 15:42:09.455 [main]  INFO  o.e.j.server.handler.ContextHandler[788] - Started o.e.j.s.ServletContextHandler@3b4825f0{/,null,AVAILABLE}
 15:42:09.462 [main]  INFO  o.e.jetty.server.AbstractConnector[280] - Started ServerConnector@71602965{HTTP/1.1,[http/1.1]}{0.0.0.0:6188}
 15:42:09.462 [main]  INFO  org.eclipse.jetty.server.Server[444] - Started @1543ms
 15:42:10.334 [scouterx.webapp.framework.client.server.ServerManager]  INFO  s.w.framework.client.net.ClientTCP[62] - Connected scouterx.webapp.framework.client.net.ClientTCP@617ee1c9 to 127.0.0.1:6100
 15:42:10.341 [XLogThread-127.0.0.1:6100-0]  INFO  s.w.framework.client.net.ClientTCP[62] - Connected scouterx.webapp.framework.client.net.ClientTCP@2566f0e5 to 127.0.0.1:6100
 15:47:18.506 [main]  INFO  o.e.jetty.server.AbstractConnector[320] - Stopped ServerConnector@71602965{HTTP/1.1,[http/1.1]}{0.0.0.0:6188}
 15:47:18.506 [main]  INFO  org.eclipse.jetty.server.session[167] - Stopped scavenging
 15:47:18.511 [main]  INFO  o.e.j.server.handler.ContextHandler[957] - Stopped o.e.j.s.ServletContextHandler@3b4825f0{/,null,UNAVAILABLE}
 15:50:13.402 [main]  INFO  scouterx.webapp.main.WebAppMain[270] - scouter webapp starting! Run-Mode:StandAlone
 15:50:13.442 [main]  INFO  s.w.framework.client.net.TcpProxy[58] - TcpProxy created : pool-size:0, scouterx.webapp.framework.client.net.TcpProxy@fbd1f6
 15:50:13.447 [main]  INFO  s.w.framework.client.net.ClientTCP[62] - Connected scouterx.webapp.framework.client.net.ClientTCP@63475ace to 127.0.0.1:6100
 15:50:13.449 [main]  INFO  s.w.framework.client.net.TcpProxy[110] - TcpProxy closed : pool-size:0, scouterx.webapp.framework.client.net.TcpProxy@fbd1f6, stack:
 15:50:13.450 [main]  INFO  s.w.framework.client.net.TcpProxy[58] - TcpProxy created : pool-size:0, scouterx.webapp.framework.client.net.TcpProxy@71e9ddb4
 15:50:13.450 [main]  INFO  s.w.framework.client.net.TcpProxy[58] - TcpProxy created : pool-size:1, scouterx.webapp.framework.client.net.TcpProxy@394df057
 15:50:13.450 [main]  INFO  s.w.framework.client.net.TcpProxy[58] - TcpProxy created : pool-size:2, scouterx.webapp.framework.client.net.TcpProxy@4961f6af
 15:50:13.450 [main]  INFO  s.w.framework.client.net.TcpProxy[58] - TcpProxy created : pool-size:3, scouterx.webapp.framework.client.net.TcpProxy@5aebe890
 15:50:13.450 [main]  INFO  s.w.framework.client.net.TcpProxy[58] - TcpProxy created : pool-size:4, scouterx.webapp.framework.client.net.TcpProxy@65d09a04
 15:50:13.450 [main]  INFO  s.w.framework.client.net.TcpProxy[58] - TcpProxy created : pool-size:5, scouterx.webapp.framework.client.net.TcpProxy@33c911a1
 15:50:13.451 [main]  INFO  s.w.framework.client.net.ClientTCP[62] - Connected scouterx.webapp.framework.client.net.ClientTCP@45b4c3a9 to 127.0.0.1:6100
 15:50:13.467 [main]  INFO  scouterx.webapp.main.WebAppMain[223] - Successfully log in to 127.0.0.1:6100
 15:50:13.468 [scouterx.webapp.framework.client.model.AgentModelThread]  INFO  s.w.framework.client.net.ClientTCP[62] - Connected scouterx.webapp.framework.client.net.ClientTCP@65c6727f to 127.0.0.1:6100
 15:50:13.475 [main]  INFO  org.eclipse.jetty.util.log[192] - Logging initialized @490ms to org.eclipse.jetty.util.log.Slf4jLog
 15:50:13.477 [scouterx.webapp.framework.client.model.AgentModelThread]  INFO  s.w.framework.client.net.ClientTCP[62] - Connected scouterx.webapp.framework.client.net.ClientTCP@6f3e190f to 127.0.0.1:6100
 15:50:13.562 [main]  INFO  org.eclipse.jetty.server.Server[372] - jetty-9.4.6.v20170531
 15:50:13.577 [main]  INFO  o.e.j.server.AbstractNCSARequestLog[230] - Opened /app/nx-dev-scouter/webapp/logs/http-request-2025_10_13.log
 15:50:13.581 [main]  INFO  org.eclipse.jetty.server.session[364] - DefaultSessionIdManager workerName=node0
 15:50:13.582 [main]  INFO  org.eclipse.jetty.server.session[369] - No SessionScavenger set, using defaults
 15:50:13.583 [main]  INFO  org.eclipse.jetty.server.session[149] - Scavenging every 660000ms
 15:50:14.252 [main]  INFO  o.h.validator.internal.util.Version[27] - HV000001: Hibernate Validator 5.1.3.Final
 15:50:14.413 [XLogThread-127.0.0.1:6100-0]  INFO  s.w.framework.client.net.ClientTCP[62] - Connected scouterx.webapp.framework.client.net.ClientTCP@2d4a109 to 127.0.0.1:6100
 15:50:14.493 [main]  INFO  o.e.j.server.handler.ContextHandler[788] - Started o.e.j.s.ServletContextHandler@3b4825f0{/,null,AVAILABLE}
 15:50:14.499 [main]  INFO  o.e.jetty.server.AbstractConnector[280] - Started ServerConnector@65f40689{HTTP/1.1,[http/1.1]}{0.0.0.0:6188}
 15:50:14.499 [main]  INFO  org.eclipse.jetty.server.Server[444] - Started @1516ms
 15:50:15.409 [scouterx.webapp.framework.client.server.ServerManager]  INFO  s.w.framework.client.net.ClientTCP[62] - Connected scouterx.webapp.framework.client.net.ClientTCP@5cd32812 to 127.0.0.1:6100
 15:50:15.414 [XLogThread-127.0.0.1:6100-0]  INFO  s.w.framework.client.net.ClientTCP[62] - Connected scouterx.webapp.framework.client.net.ClientTCP@6c973094 to 127.0.0.1:6100
#5eq2322 17:08:00.829 [qtp1864869682-81]  ERROR s.w.f.e.m.GenericExceptionMapper[80] - [WebApplicationException] 404 - HTTP 404 Not Found, [uri]v1/interactionCounter/realTime
#5eq2324 17:08:00.830 [qtp1864869682-84]  ERROR s.w.f.e.m.GenericExceptionMapper[80] - [WebApplicationException] 404 - HTTP 404 Not Found, [uri]v1/alert/realTime/0/0
#5eq2323 17:08:00.830 [qtp1864869682-75]  ERROR s.w.f.e.m.GenericExceptionMapper[80] - [WebApplicationException] 404 - HTTP 404 Not Found, [uri]v1/alert/realTime/0/0
 17:24:18.982 [XLogThread-127.0.0.1:6100-0]  INFO  s.w.framework.client.net.TcpProxy[110] - TcpProxy closed : pool-size:5, scouterx.webapp.framework.client.net.TcpProxy@4961f6af, stack:
 17:24:18.983 [XLogThread-127.0.0.1:6100-0]  ERROR s.w.f.c.thread.XLogRetrieveThread[93] - [XLogThread] at Server [id=-1082951330, name=jindeokyong-test-193, ip=127.0.0.1, port=6100, delta=0, userId=admin, group=admin, version=2.20.0 2023-05-29 05:14 GMT], error:java.io.EOFException
#5eq4262 17:24:19.105 [qtp1864869682-100]  INFO  s.w.framework.client.net.TcpProxy[110] - TcpProxy closed : pool-size:3, scouterx.webapp.framework.client.net.TcpProxy@71e9ddb4, stack:
#5eq4260 17:24:19.105 [qtp1864869682-95]  INFO  s.w.framework.client.net.TcpProxy[110] - TcpProxy closed : pool-size:2, scouterx.webapp.framework.client.net.TcpProxy@65d09a04, stack:
#5eq4261 17:24:19.105 [qtp1864869682-93]  INFO  s.w.framework.client.net.TcpProxy[110] - TcpProxy closed : pool-size:2, scouterx.webapp.framework.client.net.TcpProxy@394df057, stack:
#5eq4262 17:24:19.108 [qtp1864869682-100]  ERROR s.w.f.e.m.GenericExceptionMapper[66] - [WebApplicationException] 500 - java.io.EOFException [caused by] null, [uri]v1/visitor/realTime
java.lang.RuntimeException: java.io.EOFException
	at scouterx.webapp.framework.client.net.TcpProxy.process(TcpProxy.java:206)
	at scouterx.webapp.framework.client.net.TcpProxy.processValues(TcpProxy.java:165)
	at scouterx.webapp.framework.client.net.TcpProxy.getSingleValue(TcpProxy.java:139)
	at scouterx.webapp.layer.consumer.VisitorConsumer.retrieveVisitorRealTimeByObjHashes(VisitorConsumer.java:63)
	at scouterx.webapp.layer.service.VisitorService.retrieveVisitorRealTimeByObjHashes(VisitorService.java:30)
	at scouterx.webapp.layer.controller.VisitorController.retrieveVisitorRealtimeByObjHashes(VisitorController.java:70)
	at sun.reflect.GeneratedMethodAccessor43.invoke(Unknown Source)
	at sun.reflect.DelegatingMethodAccessorImpl.invoke(DelegatingMethodAccessorImpl.java:43)
	at java.lang.reflect.Method.invoke(Method.java:498)
	at org.glassfish.jersey.server.model.internal.ResourceMethodInvocationHandlerFactory.lambda$static$0(ResourceMethodInvocationHandlerFactory.java:76)
	at org.glassfish.jersey.server.model.internal.AbstractJavaResourceMethodDispatcher$1.run(AbstractJavaResourceMethodDispatcher.java:148)
	at org.glassfish.jersey.server.model.internal.AbstractJavaResourceMethodDispatcher.invoke(AbstractJavaResourceMethodDispatcher.java:191)
	at org.glassfish.jersey.server.model.internal.JavaResourceMethodDispatcherProvider$TypeOutInvoker.doDispatch(JavaResourceMethodDispatcherProvider.java:243)
	at org.glassfish.jersey.server.model.internal.AbstractJavaResourceMethodDispatcher.dispatch(AbstractJavaResourceMethodDispatcher.java:103)
	at org.glassfish.jersey.server.model.ResourceMethodInvoker.invoke(ResourceMethodInvoker.java:493)
	at org.glassfish.jersey.server.model.ResourceMethodInvoker.apply(ResourceMethodInvoker.java:415)
	at org.glassfish.jersey.server.model.ResourceMethodInvoker.apply(ResourceMethodInvoker.java:104)
	at org.glassfish.jersey.server.ServerRuntime$1.run(ServerRuntime.java:277)
	at org.glassfish.jersey.internal.Errors$1.call(Errors.java:272)
	at org.glassfish.jersey.internal.Errors$1.call(Errors.java:268)
	at org.glassfish.jersey.internal.Errors.process(Errors.java:316)
	at org.glassfish.jersey.internal.Errors.process(Errors.java:298)
	at org.glassfish.jersey.internal.Errors.process(Errors.java:268)
	at org.glassfish.jersey.process.internal.RequestScope.runInScope(RequestScope.java:289)
	at org.glassfish.jersey.server.ServerRuntime.process(ServerRuntime.java:256)
	at org.glassfish.jersey.server.ApplicationHandler.handle(ApplicationHandler.java:703)
	at org.glassfish.jersey.servlet.WebComponent.serviceImpl(WebComponent.java:416)
	at org.glassfish.jersey.servlet.WebComponent.service(WebComponent.java:370)
	at org.glassfish.jersey.servlet.ServletContainer.service(ServletContainer.java:389)
	at org.glassfish.jersey.servlet.ServletContainer.service(ServletContainer.java:342)
	at org.glassfish.jersey.servlet.ServletContainer.service(ServletContainer.java:229)
	at org.eclipse.jetty.servlet.ServletHolder.handle(ServletHolder.java:841)
	at org.eclipse.jetty.servlet.ServletHandler$CachedChain.doFilter(ServletHandler.java:1650)
	at org.eclipse.jetty.websocket.server.WebSocketUpgradeFilter.doFilter(WebSocketUpgradeFilter.java:206)
	at org.eclipse.jetty.servlet.ServletHandler$CachedChain.doFilter(ServletHandler.java:1637)
	at scouterx.webapp.framework.filter.ReleaseResourceFilter.doFilter(ReleaseResourceFilter.java:44)
	at org.eclipse.jetty.servlet.ServletHandler$CachedChain.doFilter(ServletHandler.java:1637)
	at scouterx.webapp.framework.filter.NoCacheFilter.doFilter(NoCacheFilter.java:40)
	at org.eclipse.jetty.servlet.ServletHandler$CachedChain.doFilter(ServletHandler.java:1637)
	at scouterx.webapp.framework.filter.CorsFilter.doFilter(CorsFilter.java:65)
	at org.eclipse.jetty.servlet.ServletHandler$CachedChain.doFilter(ServletHandler.java:1637)
	at scouterx.webapp.framework.filter.LoggingInitServletFilter.doFilter(LoggingInitServletFilter.java:50)
	at org.eclipse.jetty.servlet.ServletHandler$CachedChain.doFilter(ServletHandler.java:1637)
	at org.eclipse.jetty.servlet.ServletHandler.doHandle(ServletHandler.java:533)
	at org.eclipse.jetty.server.handler.ScopedHandler.nextHandle(ScopedHandler.java:188)
	at org.eclipse.jetty.server.session.SessionHandler.doHandle(SessionHandler.java:1595)
	at org.eclipse.jetty.server.handler.ScopedHandler.nextHandle(ScopedHandler.java:188)
	at org.eclipse.jetty.server.handler.ContextHandler.doHandle(ContextHandler.java:1253)
	at org.eclipse.jetty.server.handler.ScopedHandler.nextScope(ScopedHandler.java:168)
	at org.eclipse.jetty.servlet.ServletHandler.doScope(ServletHandler.java:473)
	at org.eclipse.jetty.server.session.SessionHandler.doScope(SessionHandler.java:1564)
	at org.eclipse.jetty.server.handler.ScopedHandler.nextScope(ScopedHandler.java:166)
	at org.eclipse.jetty.server.handler.ContextHandler.doScope(ContextHandler.java:1155)
	at org.eclipse.jetty.server.handler.ScopedHandler.handle(ScopedHandler.java:141)
	at org.eclipse.jetty.server.handler.gzip.GzipHandler.handle(GzipHandler.java:521)
	at org.eclipse.jetty.server.handler.HandlerCollection.handle(HandlerCollection.java:126)
	at org.eclipse.jetty.server.handler.HandlerWrapper.handle(HandlerWrapper.java:132)
	at org.eclipse.jetty.server.Server.handle(Server.java:564)
	at org.eclipse.jetty.server.HttpChannel.handle(HttpChannel.java:317)
	at org.eclipse.jetty.server.HttpConnection.onFillable(HttpConnection.java:251)
	at org.eclipse.jetty.io.AbstractConnection$ReadCallback.succeeded(AbstractConnection.java:279)
	at org.eclipse.jetty.io.FillInterest.fillable(FillInterest.java:110)
	at org.eclipse.jetty.io.ChannelEndPoint$2.run(ChannelEndPoint.java:124)
	at org.eclipse.jetty.util.thread.QueuedThreadPool.runJob(QueuedThreadPool.java:673)
	at org.eclipse.jetty.util.thread.QueuedThreadPool$2.run(QueuedThreadPool.java:591)
	at java.lang.Thread.run(Thread.java:750)
Caused by: java.io.EOFException: null
	at java.io.DataInputStream.readByte(DataInputStream.java:267)
	at scouter.io.DataInputX.readByte(DataInputX.java:295)
	at scouterx.webapp.framework.client.net.TcpProxy.process(TcpProxy.java:196)
	... 65 common frames omitted
#5eq4260 17:24:19.108 [qtp1864869682-95]  ERROR s.w.f.e.m.GenericExceptionMapper[66] - [WebApplicationException] 500 - java.io.EOFException [caused by] null, [uri]v1/xlog/realTime/0/0
java.lang.RuntimeException: java.io.EOFException
	at scouterx.webapp.framework.client.net.TcpProxy.process(TcpProxy.java:206)
	at scouterx.webapp.layer.consumer.XLogConsumer.handleRealTimeXLog(XLogConsumer.java:80)
	at scouterx.webapp.layer.service.XLogService.handleRealTimeXLog(XLogService.java:48)
	at scouterx.webapp.layer.controller.XLogController.lambda$streamRealTimeXLog$0(XLogController.java:84)
	at scouterx.webapp.view.CommonResultView.jsonStream(CommonResultView.java:120)
	at scouterx.webapp.layer.controller.XLogController.lambda$streamRealTimeXLog$1(XLogController.java:94)
	at org.glassfish.jersey.message.internal.StreamingOutputProvider.writeTo(StreamingOutputProvider.java:79)
	at org.glassfish.jersey.message.internal.StreamingOutputProvider.writeTo(StreamingOutputProvider.java:61)
	at org.glassfish.jersey.message.internal.WriterInterceptorExecutor$TerminalWriterInterceptor.invokeWriteTo(WriterInterceptorExecutor.java:266)
	at org.glassfish.jersey.message.internal.WriterInterceptorExecutor$TerminalWriterInterceptor.aroundWriteTo(WriterInterceptorExecutor.java:251)
	at org.glassfish.jersey.message.internal.WriterInterceptorExecutor.proceed(WriterInterceptorExecutor.java:163)
	at org.glassfish.jersey.server.internal.JsonWithPaddingInterceptor.aroundWriteTo(JsonWithPaddingInterceptor.java:109)
	at org.glassfish.jersey.message.internal.WriterInterceptorExecutor.proceed(WriterInterceptorExecutor.java:163)
	at org.glassfish.jersey.server.internal.MappableExceptionWrapperInterceptor.aroundWriteTo(MappableExceptionWrapperInterceptor.java:85)
	at org.glassfish.jersey.message.internal.WriterInterceptorExecutor.proceed(WriterInterceptorExecutor.java:163)
	at org.glassfish.jersey.message.internal.MessageBodyFactory.writeTo(MessageBodyFactory.java:1135)
	at org.glassfish.jersey.server.ServerRuntime$Responder.writeResponse(ServerRuntime.java:662)
	at org.glassfish.jersey.server.ServerRuntime$Responder.processResponse(ServerRuntime.java:395)
	at org.glassfish.jersey.server.ServerRuntime$Responder.process(ServerRuntime.java:385)
	at org.glassfish.jersey.server.ServerRuntime$1.run(ServerRuntime.java:280)
	at org.glassfish.jersey.internal.Errors$1.call(Errors.java:272)
	at org.glassfish.jersey.internal.Errors$1.call(Errors.java:268)
	at org.glassfish.jersey.internal.Errors.process(Errors.java:316)
	at org.glassfish.jersey.internal.Errors.process(Errors.java:298)
	at org.glassfish.jersey.internal.Errors.process(Errors.java:268)
	at org.glassfish.jersey.process.internal.RequestScope.runInScope(RequestScope.java:289)
	at org.glassfish.jersey.server.ServerRuntime.process(ServerRuntime.java:256)
	at org.glassfish.jersey.server.ApplicationHandler.handle(ApplicationHandler.java:703)
	at org.glassfish.jersey.servlet.WebComponent.serviceImpl(WebComponent.java:416)
	at org.glassfish.jersey.servlet.WebComponent.service(WebComponent.java:370)
	at org.glassfish.jersey.servlet.ServletContainer.service(ServletContainer.java:389)
	at org.glassfish.jersey.servlet.ServletContainer.service(ServletContainer.java:342)
	at org.glassfish.jersey.servlet.ServletContainer.service(ServletContainer.java:229)
	at org.eclipse.jetty.servlet.ServletHolder.handle(ServletHolder.java:841)
	at org.eclipse.jetty.servlet.ServletHandler$CachedChain.doFilter(ServletHandler.java:1650)
	at org.eclipse.jetty.websocket.server.WebSocketUpgradeFilter.doFilter(WebSocketUpgradeFilter.java:206)
	at org.eclipse.jetty.servlet.ServletHandler$CachedChain.doFilter(ServletHandler.java:1637)
	at scouterx.webapp.framework.filter.ReleaseResourceFilter.doFilter(ReleaseResourceFilter.java:44)
	at org.eclipse.jetty.servlet.ServletHandler$CachedChain.doFilter(ServletHandler.java:1637)
	at scouterx.webapp.framework.filter.NoCacheFilter.doFilter(NoCacheFilter.java:40)
	at org.eclipse.jetty.servlet.ServletHandler$CachedChain.doFilter(ServletHandler.java:1637)
	at scouterx.webapp.framework.filter.CorsFilter.doFilter(CorsFilter.java:65)
	at org.eclipse.jetty.servlet.ServletHandler$CachedChain.doFilter(ServletHandler.java:1637)
	at scouterx.webapp.framework.filter.LoggingInitServletFilter.doFilter(LoggingInitServletFilter.java:50)
	at org.eclipse.jetty.servlet.ServletHandler$CachedChain.doFilter(ServletHandler.java:1637)
	at org.eclipse.jetty.servlet.ServletHandler.doHandle(ServletHandler.java:533)
	at org.eclipse.jetty.server.handler.ScopedHandler.nextHandle(ScopedHandler.java:188)
	at org.eclipse.jetty.server.session.SessionHandler.doHandle(SessionHandler.java:1595)
	at org.eclipse.jetty.server.handler.ScopedHandler.nextHandle(ScopedHandler.java:188)
	at org.eclipse.jetty.server.handler.ContextHandler.doHandle(ContextHandler.java:1253)
	at org.eclipse.jetty.server.handler.ScopedHandler.nextScope(ScopedHandler.java:168)
	at org.eclipse.jetty.servlet.ServletHandler.doScope(ServletHandler.java:473)
	at org.eclipse.jetty.server.session.SessionHandler.doScope(SessionHandler.java:1564)
	at org.eclipse.jetty.server.handler.ScopedHandler.nextScope(ScopedHandler.java:166)
	at org.eclipse.jetty.server.handler.ContextHandler.doScope(ContextHandler.java:1155)
	at org.eclipse.jetty.server.handler.ScopedHandler.handle(ScopedHandler.java:141)
	at org.eclipse.jetty.server.handler.gzip.GzipHandler.handle(GzipHandler.java:521)
	at org.eclipse.jetty.server.handler.HandlerCollection.handle(HandlerCollection.java:126)
	at org.eclipse.jetty.server.handler.HandlerWrapper.handle(HandlerWrapper.java:132)
	at org.eclipse.jetty.server.Server.handle(Server.java:564)
	at org.eclipse.jetty.server.HttpChannel.handle(HttpChannel.java:317)
	at org.eclipse.jetty.server.HttpConnection.onFillable(HttpConnection.java:251)
	at org.eclipse.jetty.io.AbstractConnection$ReadCallback.succeeded(AbstractConnection.java:279)
	at org.eclipse.jetty.io.FillInterest.fillable(FillInterest.java:110)
	at org.eclipse.jetty.io.ChannelEndPoint$2.run(ChannelEndPoint.java:124)
	at org.eclipse.jetty.util.thread.Invocable.invokePreferred(Invocable.java:128)
	at org.eclipse.jetty.util.thread.Invocable$InvocableExecutor.invoke(Invocable.java:222)
	at org.eclipse.jetty.util.thread.strategy.EatWhatYouKill.doProduce(EatWhatYouKill.java:294)
	at org.eclipse.jetty.util.thread.strategy.EatWhatYouKill.run(EatWhatYouKill.java:199)
	at org.eclipse.jetty.util.thread.QueuedThreadPool.runJob(QueuedThreadPool.java:673)
	at org.eclipse.jetty.util.thread.QueuedThreadPool$2.run(QueuedThreadPool.java:591)
	at java.lang.Thread.run(Thread.java:750)
Caused by: java.io.EOFException: null
	at java.io.DataInputStream.readByte(DataInputStream.java:267)
	at scouter.io.DataInputX.readByte(DataInputX.java:295)
	at scouterx.webapp.framework.client.net.TcpProxy.process(TcpProxy.java:196)
	... 71 common frames omitted
#5eq4261 17:24:19.108 [qtp1864869682-93]  ERROR s.w.f.e.m.GenericExceptionMapper[66] - [WebApplicationException] 500 - java.io.EOFException [caused by] null, [uri]v1/counter/realTime/[Cpu,ErrorCount,ProcessingTime,ConnActive]
java.lang.RuntimeException: java.io.EOFException
	at scouterx.webapp.framework.client.net.TcpProxy.process(TcpProxy.java:206)
	at scouterx.webapp.framework.client.net.TcpProxy.process(TcpProxy.java:131)
	at scouterx.webapp.framework.client.net.TcpProxy.getSingle(TcpProxy.java:121)
	at scouterx.webapp.layer.consumer.CounterConsumer.retrieveRealTimeCountersByObjTypeOrObjHashes(CounterConsumer.java:283)
	at scouterx.webapp.layer.consumer.CounterConsumer.retrieveRealTimeCountersByObjHashes(CounterConsumer.java:75)
	at scouterx.webapp.layer.service.CounterService.retrieveRealTimeCountersByObjHashes(CounterService.java:49)
	at scouterx.webapp.layer.controller.CounterController.retrieveRealTimeCountersByObjHashes(CounterController.java:105)
	at sun.reflect.GeneratedMethodAccessor48.invoke(Unknown Source)
	at sun.reflect.DelegatingMethodAccessorImpl.invoke(DelegatingMethodAccessorImpl.java:43)
	at java.lang.reflect.Method.invoke(Method.java:498)
	at org.glassfish.jersey.server.model.internal.ResourceMethodInvocationHandlerFactory.lambda$static$0(ResourceMethodInvocationHandlerFactory.java:76)
	at org.glassfish.jersey.server.model.internal.AbstractJavaResourceMethodDispatcher$1.run(AbstractJavaResourceMethodDispatcher.java:148)
	at org.glassfish.jersey.server.model.internal.AbstractJavaResourceMethodDispatcher.invoke(AbstractJavaResourceMethodDispatcher.java:191)
	at org.glassfish.jersey.server.model.internal.JavaResourceMethodDispatcherProvider$TypeOutInvoker.doDispatch(JavaResourceMethodDispatcherProvider.java:243)
	at org.glassfish.jersey.server.model.internal.AbstractJavaResourceMethodDispatcher.dispatch(AbstractJavaResourceMethodDispatcher.java:103)
	at org.glassfish.jersey.server.model.ResourceMethodInvoker.invoke(ResourceMethodInvoker.java:493)
	at org.glassfish.jersey.server.model.ResourceMethodInvoker.apply(ResourceMethodInvoker.java:415)
	at org.glassfish.jersey.server.model.ResourceMethodInvoker.apply(ResourceMethodInvoker.java:104)
	at org.glassfish.jersey.server.ServerRuntime$1.run(ServerRuntime.java:277)
	at org.glassfish.jersey.internal.Errors$1.call(Errors.java:272)
	at org.glassfish.jersey.internal.Errors$1.call(Errors.java:268)
	at org.glassfish.jersey.internal.Errors.process(Errors.java:316)
	at org.glassfish.jersey.internal.Errors.process(Errors.java:298)
	at org.glassfish.jersey.internal.Errors.process(Errors.java:268)
	at org.glassfish.jersey.process.internal.RequestScope.runInScope(RequestScope.java:289)
	at org.glassfish.jersey.server.ServerRuntime.process(ServerRuntime.java:256)
	at org.glassfish.jersey.server.ApplicationHandler.handle(ApplicationHandler.java:703)
	at org.glassfish.jersey.servlet.WebComponent.serviceImpl(WebComponent.java:416)
	at org.glassfish.jersey.servlet.WebComponent.service(WebComponent.java:370)
	at org.glassfish.jersey.servlet.ServletContainer.service(ServletContainer.java:389)
	at org.glassfish.jersey.servlet.ServletContainer.service(ServletContainer.java:342)
	at org.glassfish.jersey.servlet.ServletContainer.service(ServletContainer.java:229)
	at org.eclipse.jetty.servlet.ServletHolder.handle(ServletHolder.java:841)
	at org.eclipse.jetty.servlet.ServletHandler$CachedChain.doFilter(ServletHandler.java:1650)
	at org.eclipse.jetty.websocket.server.WebSocketUpgradeFilter.doFilter(WebSocketUpgradeFilter.java:206)
	at org.eclipse.jetty.servlet.ServletHandler$CachedChain.doFilter(ServletHandler.java:1637)
	at scouterx.webapp.framework.filter.ReleaseResourceFilter.doFilter(ReleaseResourceFilter.java:44)
	at org.eclipse.jetty.servlet.ServletHandler$CachedChain.doFilter(ServletHandler.java:1637)
	at scouterx.webapp.framework.filter.NoCacheFilter.doFilter(NoCacheFilter.java:40)
	at org.eclipse.jetty.servlet.ServletHandler$CachedChain.doFilter(ServletHandler.java:1637)
	at scouterx.webapp.framework.filter.CorsFilter.doFilter(CorsFilter.java:65)
	at org.eclipse.jetty.servlet.ServletHandler$CachedChain.doFilter(ServletHandler.java:1637)
	at scouterx.webapp.framework.filter.LoggingInitServletFilter.doFilter(LoggingInitServletFilter.java:50)
	at org.eclipse.jetty.servlet.ServletHandler$CachedChain.doFilter(ServletHandler.java:1637)
	at org.eclipse.jetty.servlet.ServletHandler.doHandle(ServletHandler.java:533)
	at org.eclipse.jetty.server.handler.ScopedHandler.nextHandle(ScopedHandler.java:188)
	at org.eclipse.jetty.server.session.SessionHandler.doHandle(SessionHandler.java:1595)
	at org.eclipse.jetty.server.handler.ScopedHandler.nextHandle(ScopedHandler.java:188)
	at org.eclipse.jetty.server.handler.ContextHandler.doHandle(ContextHandler.java:1253)
	at org.eclipse.jetty.server.handler.ScopedHandler.nextScope(ScopedHandler.java:168)
	at org.eclipse.jetty.servlet.ServletHandler.doScope(ServletHandler.java:473)
	at org.eclipse.jetty.server.session.SessionHandler.doScope(SessionHandler.java:1564)
	at org.eclipse.jetty.server.handler.ScopedHandler.nextScope(ScopedHandler.java:166)
	at org.eclipse.jetty.server.handler.ContextHandler.doScope(ContextHandler.java:1155)
	at org.eclipse.jetty.server.handler.ScopedHandler.handle(ScopedHandler.java:141)
	at org.eclipse.jetty.server.handler.gzip.GzipHandler.handle(GzipHandler.java:521)
	at org.eclipse.jetty.server.handler.HandlerCollection.handle(HandlerCollection.java:126)
	at org.eclipse.jetty.server.handler.HandlerWrapper.handle(HandlerWrapper.java:132)
	at org.eclipse.jetty.server.Server.handle(Server.java:564)
	at org.eclipse.jetty.server.HttpChannel.handle(HttpChannel.java:317)
	at org.eclipse.jetty.server.HttpConnection.onFillable(HttpConnection.java:251)
	at org.eclipse.jetty.io.AbstractConnection$ReadCallback.succeeded(AbstractConnection.java:279)
	at org.eclipse.jetty.io.FillInterest.fillable(FillInterest.java:110)
	at org.eclipse.jetty.io.ChannelEndPoint$2.run(ChannelEndPoint.java:124)
	at org.eclipse.jetty.util.thread.Invocable.invokePreferred(Invocable.java:128)
	at org.eclipse.jetty.util.thread.Invocable$InvocableExecutor.invoke(Invocable.java:222)
	at org.eclipse.jetty.util.thread.strategy.EatWhatYouKill.doProduce(EatWhatYouKill.java:294)
	at org.eclipse.jetty.util.thread.strategy.EatWhatYouKill.run(EatWhatYouKill.java:199)
	at org.eclipse.jetty.util.thread.QueuedThreadPool.runJob(QueuedThreadPool.java:673)
	at org.eclipse.jetty.util.thread.QueuedThreadPool$2.run(QueuedThreadPool.java:591)
	at java.lang.Thread.run(Thread.java:750)
Caused by: java.io.EOFException: null
	at java.io.DataInputStream.readByte(DataInputStream.java:267)
	at scouter.io.DataInputX.readByte(DataInputX.java:295)
	at scouterx.webapp.framework.client.net.TcpProxy.process(TcpProxy.java:196)
	... 70 common frames omitted
 17:24:19.983 [XLogThread-127.0.0.1:6100-0]  INFO  s.w.framework.client.net.TcpProxy[110] - TcpProxy closed : pool-size:1, scouterx.webapp.framework.client.net.TcpProxy@33c911a1, stack:
 17:24:20.119 [scouterx.webapp.framework.client.server.ServerManager]  INFO  s.w.framework.client.net.TcpProxy[110] - TcpProxy closed : pool-size:0, scouterx.webapp.framework.client.net.TcpProxy@5aebe890, stack:
 17:24:20.984 [XLogThread-127.0.0.1:6100-0]  INFO  s.w.framework.client.net.TcpProxy[58] - TcpProxy created : pool-size:0, scouterx.webapp.framework.client.net.TcpProxy@393a3525
 17:24:20.984 [XLogThread-127.0.0.1:6100-0]  ERROR s.w.framework.client.net.ClientTCP[65] - Connection refused (Connection refused)
 17:24:20.985 [XLogThread-127.0.0.1:6100-0]  INFO  s.w.framework.client.net.TcpProxy[110] - TcpProxy closed : pool-size:0, scouterx.webapp.framework.client.net.TcpProxy@393a3525, stack:
 17:24:20.985 [XLogThread-127.0.0.1:6100-0]  ERROR s.w.f.c.thread.XLogRetrieveThread[93] - [XLogThread] at Server [id=-1082951330, name=jindeokyong-test-193, ip=127.0.0.1, port=6100, delta=0, userId=admin, group=admin, version=2.20.0 2023-05-29 05:14 GMT], error:[TcpProxy.process] client socket closed.
#5eq4264 17:24:21.113 [qtp1864869682-88]  ERROR s.w.f.e.m.GenericExceptionMapper[114] - [ErrorStateBizException] 500 - scouter collector not connected - server is not exist or before initializing! - -1082951330, [uri]v1/visitor/realTime at scouterx.webapp.framework.exception.ErrorState.newBizException(ErrorState.java:75)\n scouterx.webapp.framework.client.net.TcpProxy.getTcpProxy(TcpProxy.java:64)\n scouterx.webapp.layer.consumer.VisitorConsumer.retrieveVisitorRealTimeByObjHashes(VisitorConsumer.java:62)
#5eq4263 17:24:21.113 [qtp1864869682-101]  ERROR s.w.f.e.m.GenericExceptionMapper[114] - [ErrorStateBizException] 500 - scouter collector not connected - server is not exist or before initializing! - -1082951330, [uri]v1/xlog/realTime/0/0 at scouterx.webapp.framework.exception.ErrorState.newBizException(ErrorState.java:75)\n scouterx.webapp.framework.client.net.TcpProxy.getTcpProxy(TcpProxy.java:64)\n scouterx.webapp.framework.client.net.TcpProxy.getTcpProxy(TcpProxy.java:74)
#5eq4265 17:24:21.113 [qtp1864869682-87]  ERROR s.w.f.e.m.GenericExceptionMapper[114] - [ErrorStateBizException] 500 - scouter collector not connected - server is not exist or before initializing! - -1082951330, [uri]v1/counter/realTime/[Cpu,ErrorCount,ProcessingTime,ConnActive] at scouterx.webapp.framework.exception.ErrorState.newBizException(ErrorState.java:75)\n scouterx.webapp.framework.client.net.TcpProxy.getTcpProxy(TcpProxy.java:64)\n scouterx.webapp.layer.consumer.CounterConsumer.retrieveRealTimeCountersByObjTypeOrObjHashes(CounterConsumer.java:282)
#5eq4268 17:24:23.137 [qtp1864869682-87]  ERROR s.w.f.e.m.GenericExceptionMapper[114] - [ErrorStateBizException] 500 - scouter collector not connected - server is not exist or before initializing! - -1082951330, [uri]v1/visitor/realTime at scouterx.webapp.framework.exception.ErrorState.newBizException(ErrorState.java:75)\n scouterx.webapp.framework.client.net.TcpProxy.getTcpProxy(TcpProxy.java:64)\n scouterx.webapp.layer.consumer.VisitorConsumer.retrieveVisitorRealTimeByObjHashes(VisitorConsumer.java:62)
#5eq4267 17:24:23.137 [qtp1864869682-98]  ERROR s.w.f.e.m.GenericExceptionMapper[114] - [ErrorStateBizException] 500 - scouter collector not connected - server is not exist or before initializing! - -1082951330, [uri]v1/counter/realTime/[Cpu,ErrorCount,ProcessingTime,ConnActive] at scouterx.webapp.framework.exception.ErrorState.newBizException(ErrorState.java:75)\n scouterx.webapp.framework.client.net.TcpProxy.getTcpProxy(TcpProxy.java:64)\n scouterx.webapp.layer.consumer.CounterConsumer.retrieveRealTimeCountersByObjTypeOrObjHashes(CounterConsumer.java:282)
#5eq4266 17:24:23.137 [qtp1864869682-96]  ERROR s.w.f.e.m.GenericExceptionMapper[114] - [ErrorStateBizException] 500 - scouter collector not connected - server is not exist or before initializing! - -1082951330, [uri]v1/xlog/realTime/0/0 at scouterx.webapp.framework.exception.ErrorState.newBizException(ErrorState.java:75)\n scouterx.webapp.framework.client.net.TcpProxy.getTcpProxy(TcpProxy.java:64)\n scouterx.webapp.framework.client.net.TcpProxy.getTcpProxy(TcpProxy.java:74)
 17:24:23.581 [ServerSessionObserverThread]  INFO  s.w.framework.client.net.TcpProxy[58] - TcpProxy created : pool-size:0, scouterx.webapp.framework.client.net.TcpProxy@6f925fff
 17:24:23.581 [ServerSessionObserverThread]  ERROR s.w.framework.client.net.ClientTCP[65] - Connection refused (Connection refused)
 17:24:23.581 [ServerSessionObserverThread]  ERROR s.w.f.c.thread.ServerSessionObserver[88] - Failed re-login to jindeokyong-test-193 : Network connection failed
#5eq4270 17:24:25.146 [qtp1864869682-87]  ERROR s.w.f.e.m.GenericExceptionMapper[114] - [ErrorStateBizException] 500 - scouter collector not connected - server is not exist or before initializing! - -1082951330, [uri]v1/visitor/realTime at scouterx.webapp.framework.exception.ErrorState.newBizException(ErrorState.java:75)\n scouterx.webapp.framework.client.net.TcpProxy.getTcpProxy(TcpProxy.java:64)\n scouterx.webapp.layer.consumer.VisitorConsumer.retrieveVisitorRealTimeByObjHashes(VisitorConsumer.java:62)
#5eq4269 17:24:25.146 [qtp1864869682-95]  ERROR s.w.f.e.m.GenericExceptionMapper[114] - [ErrorStateBizException] 500 - scouter collector not connected - server is not exist or before initializing! - -1082951330, [uri]v1/counter/realTime/[Cpu,ErrorCount,ProcessingTime,ConnActive] at scouterx.webapp.framework.exception.ErrorState.newBizException(ErrorState.java:75)\n scouterx.webapp.framework.client.net.TcpProxy.getTcpProxy(TcpProxy.java:64)\n scouterx.webapp.layer.consumer.CounterConsumer.retrieveRealTimeCountersByObjTypeOrObjHashes(CounterConsumer.java:282)
#5eq4271 17:24:25.147 [qtp1864869682-100]  ERROR s.w.f.e.m.GenericExceptionMapper[114] - [ErrorStateBizException] 500 - scouter collector not connected - server is not exist or before initializing! - -1082951330, [uri]v1/xlog/realTime/0/0 at scouterx.webapp.framework.exception.ErrorState.newBizException(ErrorState.java:75)\n scouterx.webapp.framework.client.net.TcpProxy.getTcpProxy(TcpProxy.java:64)\n scouterx.webapp.framework.client.net.TcpProxy.getTcpProxy(TcpProxy.java:74)
#5eq4273 17:24:27.158 [qtp1864869682-88]  ERROR s.w.f.e.m.GenericExceptionMapper[114] - [ErrorStateBizException] 500 - scouter collector not connected - server is not exist or before initializing! - -1082951330, [uri]v1/xlog/realTime/0/0 at scouterx.webapp.framework.exception.ErrorState.newBizException(ErrorState.java:75)\n scouterx.webapp.framework.client.net.TcpProxy.getTcpProxy(TcpProxy.java:64)\n scouterx.webapp.framework.client.net.TcpProxy.getTcpProxy(TcpProxy.java:74)
#5eq4272 17:24:27.158 [qtp1864869682-93]  ERROR s.w.f.e.m.GenericExceptionMapper[114] - [ErrorStateBizException] 500 - scouter collector not connected - server is not exist or before initializing! - -1082951330, [uri]v1/visitor/realTime at scouterx.webapp.framework.exception.ErrorState.newBizException(ErrorState.java:75)\n scouterx.webapp.framework.client.net.TcpProxy.getTcpProxy(TcpProxy.java:64)\n scouterx.webapp.layer.consumer.VisitorConsumer.retrieveVisitorRealTimeByObjHashes(VisitorConsumer.java:62)
#5eq4274 17:24:27.158 [qtp1864869682-95]  ERROR s.w.f.e.m.GenericExceptionMapper[114] - [ErrorStateBizException] 500 - scouter collector not connected - server is not exist or before initializing! - -1082951330, [uri]v1/counter/realTime/[Cpu,ErrorCount,ProcessingTime,ConnActive] at scouterx.webapp.framework.exception.ErrorState.newBizException(ErrorState.java:75)\n scouterx.webapp.framework.client.net.TcpProxy.getTcpProxy(TcpProxy.java:64)\n scouterx.webapp.layer.consumer.CounterConsumer.retrieveRealTimeCountersByObjTypeOrObjHashes(CounterConsumer.java:282)
 17:24:28.582 [ServerSessionObserverThread]  INFO  s.w.framework.client.net.TcpProxy[58] - TcpProxy created : pool-size:0, scouterx.webapp.framework.client.net.TcpProxy@44819ae1
 17:24:28.582 [ServerSessionObserverThread]  INFO  s.w.framework.client.net.ClientTCP[62] - Connected scouterx.webapp.framework.client.net.ClientTCP@cafb587 to 127.0.0.1:6100
 17:24:28.586 [ServerSessionObserverThread]  INFO  s.w.framework.client.net.TcpProxy[110] - TcpProxy closed : pool-size:0, scouterx.webapp.framework.client.net.TcpProxy@44819ae1, stack:
 17:24:28.587 [ServerSessionObserverThread]  INFO  s.w.framework.client.net.TcpProxy[58] - TcpProxy created : pool-size:0, scouterx.webapp.framework.client.net.TcpProxy@7d7f1f89
 17:24:28.587 [ServerSessionObserverThread]  INFO  s.w.framework.client.net.TcpProxy[58] - TcpProxy created : pool-size:1, scouterx.webapp.framework.client.net.TcpProxy@776fa5f6
 17:24:28.587 [ServerSessionObserverThread]  INFO  s.w.framework.client.net.TcpProxy[58] - TcpProxy created : pool-size:2, scouterx.webapp.framework.client.net.TcpProxy@3f717f68
 17:24:28.587 [ServerSessionObserverThread]  INFO  s.w.framework.client.net.TcpProxy[58] - TcpProxy created : pool-size:3, scouterx.webapp.framework.client.net.TcpProxy@4e03e68c
 17:24:28.587 [ServerSessionObserverThread]  INFO  s.w.framework.client.net.TcpProxy[58] - TcpProxy created : pool-size:4, scouterx.webapp.framework.client.net.TcpProxy@4b852b92
 17:24:28.587 [ServerSessionObserverThread]  INFO  s.w.framework.client.net.TcpProxy[58] - TcpProxy created : pool-size:5, scouterx.webapp.framework.client.net.TcpProxy@414f6701
 17:24:28.588 [ServerSessionObserverThread]  INFO  s.w.framework.client.net.ClientTCP[62] - Connected scouterx.webapp.framework.client.net.ClientTCP@75f1da7f to 127.0.0.1:6100
 17:24:28.589 [ServerSessionObserverThread]  INFO  s.w.f.c.thread.ServerSessionObserver[86] - Success re-login to jindeokyong-test-193
 17:24:28.986 [XLogThread-127.0.0.1:6100-0]  INFO  s.w.framework.client.net.ClientTCP[62] - Connected scouterx.webapp.framework.client.net.ClientTCP@53a0438c to 127.0.0.1:6100
#5eq4276 17:24:29.168 [qtp1864869682-93]  INFO  s.w.framework.client.net.ClientTCP[62] - Connected scouterx.webapp.framework.client.net.ClientTCP@3ec496d6 to 127.0.0.1:6100
#5eq4277 17:24:29.168 [qtp1864869682-101]  INFO  s.w.framework.client.net.ClientTCP[62] - Connected scouterx.webapp.framework.client.net.ClientTCP@5324adeb to 127.0.0.1:6100
#5eq4275 17:24:29.168 [qtp1864869682-96]  INFO  s.w.framework.client.net.ClientTCP[62] - Connected scouterx.webapp.framework.client.net.ClientTCP@7c7b0d01 to 127.0.0.1:6100
#5eq4276 17:24:29.170 [qtp1864869682-93]  ERROR s.w.f.e.m.GenericExceptionMapper[66] - [WebApplicationException] 500 - null, [uri]v1/counter/realTime/[Cpu,ErrorCount,ProcessingTime,ConnActive]
java.lang.NullPointerException: null
	at scouterx.webapp.model.scouter.SCounter.<init>(SCounter.java:47)
	at scouterx.webapp.layer.consumer.CounterConsumer.retrieveRealTimeCountersByObjTypeOrObjHashes(CounterConsumer.java:300)
	at scouterx.webapp.layer.consumer.CounterConsumer.retrieveRealTimeCountersByObjHashes(CounterConsumer.java:75)
	at scouterx.webapp.layer.service.CounterService.retrieveRealTimeCountersByObjHashes(CounterService.java:49)
	at scouterx.webapp.layer.controller.CounterController.retrieveRealTimeCountersByObjHashes(CounterController.java:105)
	at sun.reflect.GeneratedMethodAccessor48.invoke(Unknown Source)
	at sun.reflect.DelegatingMethodAccessorImpl.invoke(DelegatingMethodAccessorImpl.java:43)
	at java.lang.reflect.Method.invoke(Method.java:498)
	at org.glassfish.jersey.server.model.internal.ResourceMethodInvocationHandlerFactory.lambda$static$0(ResourceMethodInvocationHandlerFactory.java:76)
	at org.glassfish.jersey.server.model.internal.AbstractJavaResourceMethodDispatcher$1.run(AbstractJavaResourceMethodDispatcher.java:148)
	at org.glassfish.jersey.server.model.internal.AbstractJavaResourceMethodDispatcher.invoke(AbstractJavaResourceMethodDispatcher.java:191)
	at org.glassfish.jersey.server.model.internal.JavaResourceMethodDispatcherProvider$TypeOutInvoker.doDispatch(JavaResourceMethodDispatcherProvider.java:243)
	at org.glassfish.jersey.server.model.internal.AbstractJavaResourceMethodDispatcher.dispatch(AbstractJavaResourceMethodDispatcher.java:103)
	at org.glassfish.jersey.server.model.ResourceMethodInvoker.invoke(ResourceMethodInvoker.java:493)
	at org.glassfish.jersey.server.model.ResourceMethodInvoker.apply(ResourceMethodInvoker.java:415)
	at org.glassfish.jersey.server.model.ResourceMethodInvoker.apply(ResourceMethodInvoker.java:104)
	at org.glassfish.jersey.server.ServerRuntime$1.run(ServerRuntime.java:277)
	at org.glassfish.jersey.internal.Errors$1.call(Errors.java:272)
	at org.glassfish.jersey.internal.Errors$1.call(Errors.java:268)
	at org.glassfish.jersey.internal.Errors.process(Errors.java:316)
	at org.glassfish.jersey.internal.Errors.process(Errors.java:298)
	at org.glassfish.jersey.internal.Errors.process(Errors.java:268)
	at org.glassfish.jersey.process.internal.RequestScope.runInScope(RequestScope.java:289)
	at org.glassfish.jersey.server.ServerRuntime.process(ServerRuntime.java:256)
	at org.glassfish.jersey.server.ApplicationHandler.handle(ApplicationHandler.java:703)
	at org.glassfish.jersey.servlet.WebComponent.serviceImpl(WebComponent.java:416)
	at org.glassfish.jersey.servlet.WebComponent.service(WebComponent.java:370)
	at org.glassfish.jersey.servlet.ServletContainer.service(ServletContainer.java:389)
	at org.glassfish.jersey.servlet.ServletContainer.service(ServletContainer.java:342)
	at org.glassfish.jersey.servlet.ServletContainer.service(ServletContainer.java:229)
	at org.eclipse.jetty.servlet.ServletHolder.handle(ServletHolder.java:841)
	at org.eclipse.jetty.servlet.ServletHandler$CachedChain.doFilter(ServletHandler.java:1650)
	at org.eclipse.jetty.websocket.server.WebSocketUpgradeFilter.doFilter(WebSocketUpgradeFilter.java:206)
	at org.eclipse.jetty.servlet.ServletHandler$CachedChain.doFilter(ServletHandler.java:1637)
	at scouterx.webapp.framework.filter.ReleaseResourceFilter.doFilter(ReleaseResourceFilter.java:44)
	at org.eclipse.jetty.servlet.ServletHandler$CachedChain.doFilter(ServletHandler.java:1637)
	at scouterx.webapp.framework.filter.NoCacheFilter.doFilter(NoCacheFilter.java:40)
	at org.eclipse.jetty.servlet.ServletHandler$CachedChain.doFilter(ServletHandler.java:1637)
	at scouterx.webapp.framework.filter.CorsFilter.doFilter(CorsFilter.java:65)
	at org.eclipse.jetty.servlet.ServletHandler$CachedChain.doFilter(ServletHandler.java:1637)
	at scouterx.webapp.framework.filter.LoggingInitServletFilter.doFilter(LoggingInitServletFilter.java:50)
	at org.eclipse.jetty.servlet.ServletHandler$CachedChain.doFilter(ServletHandler.java:1637)
	at org.eclipse.jetty.servlet.ServletHandler.doHandle(ServletHandler.java:533)
	at org.eclipse.jetty.server.handler.ScopedHandler.nextHandle(ScopedHandler.java:188)
	at org.eclipse.jetty.server.session.SessionHandler.doHandle(SessionHandler.java:1595)
	at org.eclipse.jetty.server.handler.ScopedHandler.nextHandle(ScopedHandler.java:188)
	at org.eclipse.jetty.server.handler.ContextHandler.doHandle(ContextHandler.java:1253)
	at org.eclipse.jetty.server.handler.ScopedHandler.nextScope(ScopedHandler.java:168)
	at org.eclipse.jetty.servlet.ServletHandler.doScope(ServletHandler.java:473)
	at org.eclipse.jetty.server.session.SessionHandler.doScope(SessionHandler.java:1564)
	at org.eclipse.jetty.server.handler.ScopedHandler.nextScope(ScopedHandler.java:166)
	at org.eclipse.jetty.server.handler.ContextHandler.doScope(ContextHandler.java:1155)
	at org.eclipse.jetty.server.handler.ScopedHandler.handle(ScopedHandler.java:141)
	at org.eclipse.jetty.server.handler.gzip.GzipHandler.handle(GzipHandler.java:521)
	at org.eclipse.jetty.server.handler.HandlerCollection.handle(HandlerCollection.java:126)
	at org.eclipse.jetty.server.handler.HandlerWrapper.handle(HandlerWrapper.java:132)
	at org.eclipse.jetty.server.Server.handle(Server.java:564)
	at org.eclipse.jetty.server.HttpChannel.handle(HttpChannel.java:317)
	at org.eclipse.jetty.server.HttpConnection.onFillable(HttpConnection.java:251)
	at org.eclipse.jetty.io.AbstractConnection$ReadCallback.succeeded(AbstractConnection.java:279)
	at org.eclipse.jetty.io.FillInterest.fillable(FillInterest.java:110)
	at org.eclipse.jetty.io.ChannelEndPoint$2.run(ChannelEndPoint.java:124)
	at org.eclipse.jetty.util.thread.QueuedThreadPool.runJob(QueuedThreadPool.java:673)
	at org.eclipse.jetty.util.thread.QueuedThreadPool$2.run(QueuedThreadPool.java:591)
	at java.lang.Thread.run(Thread.java:750)
 17:24:29.990 [XLogThread-127.0.0.1:6100-0]  INFO  s.w.framework.client.net.ClientTCP[62] - Connected scouterx.webapp.framework.client.net.ClientTCP@8a93bcc to 127.0.0.1:6100
#5eq4280 17:24:31.173 [qtp1864869682-96]  ERROR s.w.f.e.m.GenericExceptionMapper[66] - [WebApplicationException] 500 - null, [uri]v1/counter/realTime/[Cpu,ErrorCount,ProcessingTime,ConnActive]
java.lang.NullPointerException: null
	at scouterx.webapp.model.scouter.SCounter.<init>(SCounter.java:47)
	at scouterx.webapp.layer.consumer.CounterConsumer.retrieveRealTimeCountersByObjTypeOrObjHashes(CounterConsumer.java:300)
	at scouterx.webapp.layer.consumer.CounterConsumer.retrieveRealTimeCountersByObjHashes(CounterConsumer.java:75)
	at scouterx.webapp.layer.service.CounterService.retrieveRealTimeCountersByObjHashes(CounterService.java:49)
	at scouterx.webapp.layer.controller.CounterController.retrieveRealTimeCountersByObjHashes(CounterController.java:105)
	at sun.reflect.GeneratedMethodAccessor48.invoke(Unknown Source)
	at sun.reflect.DelegatingMethodAccessorImpl.invoke(DelegatingMethodAccessorImpl.java:43)
	at java.lang.reflect.Method.invoke(Method.java:498)
	at org.glassfish.jersey.server.model.internal.ResourceMethodInvocationHandlerFactory.lambda$static$0(ResourceMethodInvocationHandlerFactory.java:76)
	at org.glassfish.jersey.server.model.internal.AbstractJavaResourceMethodDispatcher$1.run(AbstractJavaResourceMethodDispatcher.java:148)
	at org.glassfish.jersey.server.model.internal.AbstractJavaResourceMethodDispatcher.invoke(AbstractJavaResourceMethodDispatcher.java:191)
	at org.glassfish.jersey.server.model.internal.JavaResourceMethodDispatcherProvider$TypeOutInvoker.doDispatch(JavaResourceMethodDispatcherProvider.java:243)
	at org.glassfish.jersey.server.model.internal.AbstractJavaResourceMethodDispatcher.dispatch(AbstractJavaResourceMethodDispatcher.java:103)
	at org.glassfish.jersey.server.model.ResourceMethodInvoker.invoke(ResourceMethodInvoker.java:493)
	at org.glassfish.jersey.server.model.ResourceMethodInvoker.apply(ResourceMethodInvoker.java:415)
	at org.glassfish.jersey.server.model.ResourceMethodInvoker.apply(ResourceMethodInvoker.java:104)
	at org.glassfish.jersey.server.ServerRuntime$1.run(ServerRuntime.java:277)
	at org.glassfish.jersey.internal.Errors$1.call(Errors.java:272)
	at org.glassfish.jersey.internal.Errors$1.call(Errors.java:268)
	at org.glassfish.jersey.internal.Errors.process(Errors.java:316)
	at org.glassfish.jersey.internal.Errors.process(Errors.java:298)
	at org.glassfish.jersey.internal.Errors.process(Errors.java:268)
	at org.glassfish.jersey.process.internal.RequestScope.runInScope(RequestScope.java:289)
	at org.glassfish.jersey.server.ServerRuntime.process(ServerRuntime.java:256)
	at org.glassfish.jersey.server.ApplicationHandler.handle(ApplicationHandler.java:703)
	at org.glassfish.jersey.servlet.WebComponent.serviceImpl(WebComponent.java:416)
	at org.glassfish.jersey.servlet.WebComponent.service(WebComponent.java:370)
	at org.glassfish.jersey.servlet.ServletContainer.service(ServletContainer.java:389)
	at org.glassfish.jersey.servlet.ServletContainer.service(ServletContainer.java:342)
	at org.glassfish.jersey.servlet.ServletContainer.service(ServletContainer.java:229)
	at org.eclipse.jetty.servlet.ServletHolder.handle(ServletHolder.java:841)
	at org.eclipse.jetty.servlet.ServletHandler$CachedChain.doFilter(ServletHandler.java:1650)
	at org.eclipse.jetty.websocket.server.WebSocketUpgradeFilter.doFilter(WebSocketUpgradeFilter.java:206)
	at org.eclipse.jetty.servlet.ServletHandler$CachedChain.doFilter(ServletHandler.java:1637)
	at scouterx.webapp.framework.filter.ReleaseResourceFilter.doFilter(ReleaseResourceFilter.java:44)
	at org.eclipse.jetty.servlet.ServletHandler$CachedChain.doFilter(ServletHandler.java:1637)
	at scouterx.webapp.framework.filter.NoCacheFilter.doFilter(NoCacheFilter.java:40)
	at org.eclipse.jetty.servlet.ServletHandler$CachedChain.doFilter(ServletHandler.java:1637)
	at scouterx.webapp.framework.filter.CorsFilter.doFilter(CorsFilter.java:65)
	at org.eclipse.jetty.servlet.ServletHandler$CachedChain.doFilter(ServletHandler.java:1637)
	at scouterx.webapp.framework.filter.LoggingInitServletFilter.doFilter(LoggingInitServletFilter.java:50)
	at org.eclipse.jetty.servlet.ServletHandler$CachedChain.doFilter(ServletHandler.java:1637)
	at org.eclipse.jetty.servlet.ServletHandler.doHandle(ServletHandler.java:533)
	at org.eclipse.jetty.server.handler.ScopedHandler.nextHandle(ScopedHandler.java:188)
	at org.eclipse.jetty.server.session.SessionHandler.doHandle(SessionHandler.java:1595)
	at org.eclipse.jetty.server.handler.ScopedHandler.nextHandle(ScopedHandler.java:188)
	at org.eclipse.jetty.server.handler.ContextHandler.doHandle(ContextHandler.java:1253)
	at org.eclipse.jetty.server.handler.ScopedHandler.nextScope(ScopedHandler.java:168)
	at org.eclipse.jetty.servlet.ServletHandler.doScope(ServletHandler.java:473)
	at org.eclipse.jetty.server.session.SessionHandler.doScope(SessionHandler.java:1564)
	at org.eclipse.jetty.server.handler.ScopedHandler.nextScope(ScopedHandler.java:166)
	at org.eclipse.jetty.server.handler.ContextHandler.doScope(ContextHandler.java:1155)
	at org.eclipse.jetty.server.handler.ScopedHandler.handle(ScopedHandler.java:141)
	at org.eclipse.jetty.server.handler.gzip.GzipHandler.handle(GzipHandler.java:521)
	at org.eclipse.jetty.server.handler.HandlerCollection.handle(HandlerCollection.java:126)
	at org.eclipse.jetty.server.handler.HandlerWrapper.handle(HandlerWrapper.java:132)
	at org.eclipse.jetty.server.Server.handle(Server.java:564)
	at org.eclipse.jetty.server.HttpChannel.handle(HttpChannel.java:317)
	at org.eclipse.jetty.server.HttpConnection.onFillable(HttpConnection.java:251)
	at org.eclipse.jetty.io.AbstractConnection$ReadCallback.succeeded(AbstractConnection.java:279)
	at org.eclipse.jetty.io.FillInterest.fillable(FillInterest.java:110)
	at org.eclipse.jetty.io.ChannelEndPoint$2.run(ChannelEndPoint.java:124)
	at org.eclipse.jetty.util.thread.QueuedThreadPool.runJob(QueuedThreadPool.java:673)
	at org.eclipse.jetty.util.thread.QueuedThreadPool$2.run(QueuedThreadPool.java:591)
	at java.lang.Thread.run(Thread.java:750)
#5eq4282 17:24:33.178 [qtp1864869682-100]  ERROR s.w.f.e.m.GenericExceptionMapper[66] - [WebApplicationException] 500 - null, [uri]v1/counter/realTime/[Cpu,ErrorCount,ProcessingTime,ConnActive]
java.lang.NullPointerException: null
	at scouterx.webapp.model.scouter.SCounter.<init>(SCounter.java:47)
	at scouterx.webapp.layer.consumer.CounterConsumer.retrieveRealTimeCountersByObjTypeOrObjHashes(CounterConsumer.java:300)
	at scouterx.webapp.layer.consumer.CounterConsumer.retrieveRealTimeCountersByObjHashes(CounterConsumer.java:75)
	at scouterx.webapp.layer.service.CounterService.retrieveRealTimeCountersByObjHashes(CounterService.java:49)
	at scouterx.webapp.layer.controller.CounterController.retrieveRealTimeCountersByObjHashes(CounterController.java:105)
	at sun.reflect.GeneratedMethodAccessor48.invoke(Unknown Source)
	at sun.reflect.DelegatingMethodAccessorImpl.invoke(DelegatingMethodAccessorImpl.java:43)
	at java.lang.reflect.Method.invoke(Method.java:498)
	at org.glassfish.jersey.server.model.internal.ResourceMethodInvocationHandlerFactory.lambda$static$0(ResourceMethodInvocationHandlerFactory.java:76)
	at org.glassfish.jersey.server.model.internal.AbstractJavaResourceMethodDispatcher$1.run(AbstractJavaResourceMethodDispatcher.java:148)
	at org.glassfish.jersey.server.model.internal.AbstractJavaResourceMethodDispatcher.invoke(AbstractJavaResourceMethodDispatcher.java:191)
	at org.glassfish.jersey.server.model.internal.JavaResourceMethodDispatcherProvider$TypeOutInvoker.doDispatch(JavaResourceMethodDispatcherProvider.java:243)
	at org.glassfish.jersey.server.model.internal.AbstractJavaResourceMethodDispatcher.dispatch(AbstractJavaResourceMethodDispatcher.java:103)
	at org.glassfish.jersey.server.model.ResourceMethodInvoker.invoke(ResourceMethodInvoker.java:493)
	at org.glassfish.jersey.server.model.ResourceMethodInvoker.apply(ResourceMethodInvoker.java:415)
	at org.glassfish.jersey.server.model.ResourceMethodInvoker.apply(ResourceMethodInvoker.java:104)
	at org.glassfish.jersey.server.ServerRuntime$1.run(ServerRuntime.java:277)
	at org.glassfish.jersey.internal.Errors$1.call(Errors.java:272)
	at org.glassfish.jersey.internal.Errors$1.call(Errors.java:268)
	at org.glassfish.jersey.internal.Errors.process(Errors.java:316)
	at org.glassfish.jersey.internal.Errors.process(Errors.java:298)
	at org.glassfish.jersey.internal.Errors.process(Errors.java:268)
	at org.glassfish.jersey.process.internal.RequestScope.runInScope(RequestScope.java:289)
	at org.glassfish.jersey.server.ServerRuntime.process(ServerRuntime.java:256)
	at org.glassfish.jersey.server.ApplicationHandler.handle(ApplicationHandler.java:703)
	at org.glassfish.jersey.servlet.WebComponent.serviceImpl(WebComponent.java:416)
	at org.glassfish.jersey.servlet.WebComponent.service(WebComponent.java:370)
	at org.glassfish.jersey.servlet.ServletContainer.service(ServletContainer.java:389)
	at org.glassfish.jersey.servlet.ServletContainer.service(ServletContainer.java:342)
	at org.glassfish.jersey.servlet.ServletContainer.service(ServletContainer.java:229)
	at org.eclipse.jetty.servlet.ServletHolder.handle(ServletHolder.java:841)
	at org.eclipse.jetty.servlet.ServletHandler$CachedChain.doFilter(ServletHandler.java:1650)
	at org.eclipse.jetty.websocket.server.WebSocketUpgradeFilter.doFilter(WebSocketUpgradeFilter.java:206)
	at org.eclipse.jetty.servlet.ServletHandler$CachedChain.doFilter(ServletHandler.java:1637)
	at scouterx.webapp.framework.filter.ReleaseResourceFilter.doFilter(ReleaseResourceFilter.java:44)
	at org.eclipse.jetty.servlet.ServletHandler$CachedChain.doFilter(ServletHandler.java:1637)
	at scouterx.webapp.framework.filter.NoCacheFilter.doFilter(NoCacheFilter.java:40)
	at org.eclipse.jetty.servlet.ServletHandler$CachedChain.doFilter(ServletHandler.java:1637)
	at scouterx.webapp.framework.filter.CorsFilter.doFilter(CorsFilter.java:65)
	at org.eclipse.jetty.servlet.ServletHandler$CachedChain.doFilter(ServletHandler.java:1637)
	at scouterx.webapp.framework.filter.LoggingInitServletFilter.doFilter(LoggingInitServletFilter.java:50)
	at org.eclipse.jetty.servlet.ServletHandler$CachedChain.doFilter(ServletHandler.java:1637)
	at org.eclipse.jetty.servlet.ServletHandler.doHandle(ServletHandler.java:533)
	at org.eclipse.jetty.server.handler.ScopedHandler.nextHandle(ScopedHandler.java:188)
	at org.eclipse.jetty.server.session.SessionHandler.doHandle(SessionHandler.java:1595)
	at org.eclipse.jetty.server.handler.ScopedHandler.nextHandle(ScopedHandler.java:188)
	at org.eclipse.jetty.server.handler.ContextHandler.doHandle(ContextHandler.java:1253)
	at org.eclipse.jetty.server.handler.ScopedHandler.nextScope(ScopedHandler.java:168)
	at org.eclipse.jetty.servlet.ServletHandler.doScope(ServletHandler.java:473)
	at org.eclipse.jetty.server.session.SessionHandler.doScope(SessionHandler.java:1564)
	at org.eclipse.jetty.server.handler.ScopedHandler.nextScope(ScopedHandler.java:166)
	at org.eclipse.jetty.server.handler.ContextHandler.doScope(ContextHandler.java:1155)
	at org.eclipse.jetty.server.handler.ScopedHandler.handle(ScopedHandler.java:141)
	at org.eclipse.jetty.server.handler.gzip.GzipHandler.handle(GzipHandler.java:521)
	at org.eclipse.jetty.server.handler.HandlerCollection.handle(HandlerCollection.java:126)
	at org.eclipse.jetty.server.handler.HandlerWrapper.handle(HandlerWrapper.java:132)
	at org.eclipse.jetty.server.Server.handle(Server.java:564)
	at org.eclipse.jetty.server.HttpChannel.handle(HttpChannel.java:317)
	at org.eclipse.jetty.server.HttpConnection.onFillable(HttpConnection.java:251)
	at org.eclipse.jetty.io.AbstractConnection$ReadCallback.succeeded(AbstractConnection.java:279)
	at org.eclipse.jetty.io.FillInterest.fillable(FillInterest.java:110)
	at org.eclipse.jetty.io.ChannelEndPoint$2.run(ChannelEndPoint.java:124)
	at org.eclipse.jetty.util.thread.Invocable.invokePreferred(Invocable.java:128)
	at org.eclipse.jetty.util.thread.Invocable$InvocableExecutor.invoke(Invocable.java:222)
	at org.eclipse.jetty.util.thread.strategy.EatWhatYouKill.doProduce(EatWhatYouKill.java:294)
	at org.eclipse.jetty.util.thread.strategy.EatWhatYouKill.run(EatWhatYouKill.java:199)
	at org.eclipse.jetty.util.thread.QueuedThreadPool.runJob(QueuedThreadPool.java:673)
	at org.eclipse.jetty.util.thread.QueuedThreadPool$2.run(QueuedThreadPool.java:591)
	at java.lang.Thread.run(Thread.java:750)
 19:14:21.783 [XLogThread-127.0.0.1:6100-0]  INFO  s.w.framework.client.net.TcpProxy[110] - TcpProxy closed : pool-size:5, scouterx.webapp.framework.client.net.TcpProxy@4b852b92, stack:
 19:14:21.784 [XLogThread-127.0.0.1:6100-0]  ERROR s.w.f.c.thread.XLogRetrieveThread[93] - [XLogThread] at Server [id=-1082951330, name=jindeokyong-test-193, ip=127.0.0.1, port=6100, delta=0, userId=admin, group=admin, version=2.20.0 2023-05-29 05:14 GMT], error:java.io.EOFException
 19:14:22.784 [XLogThread-127.0.0.1:6100-0]  INFO  s.w.framework.client.net.TcpProxy[110] - TcpProxy closed : pool-size:4, scouterx.webapp.framework.client.net.TcpProxy@3f717f68, stack:
 19:14:22.829 [scouterx.webapp.framework.client.server.ServerManager]  INFO  s.w.framework.client.net.TcpProxy[110] - TcpProxy closed : pool-size:3, scouterx.webapp.framework.client.net.TcpProxy@7d7f1f89, stack:
 19:14:23.785 [XLogThread-127.0.0.1:6100-0]  INFO  s.w.framework.client.net.TcpProxy[110] - TcpProxy closed : pool-size:2, scouterx.webapp.framework.client.net.TcpProxy@4e03e68c, stack:
 19:14:24.785 [XLogThread-127.0.0.1:6100-0]  INFO  s.w.framework.client.net.TcpProxy[110] - TcpProxy closed : pool-size:1, scouterx.webapp.framework.client.net.TcpProxy@414f6701, stack:
 19:14:24.830 [scouterx.webapp.framework.client.server.ServerManager]  INFO  s.w.framework.client.net.TcpProxy[110] - TcpProxy closed : pool-size:0, scouterx.webapp.framework.client.net.TcpProxy@776fa5f6, stack:
 19:14:25.786 [XLogThread-127.0.0.1:6100-0]  INFO  s.w.framework.client.net.TcpProxy[58] - TcpProxy created : pool-size:0, scouterx.webapp.framework.client.net.TcpProxy@3c09e5b4
 19:14:25.786 [XLogThread-127.0.0.1:6100-0]  ERROR s.w.framework.client.net.ClientTCP[65] - Connection refused (Connection refused)
 19:14:25.786 [XLogThread-127.0.0.1:6100-0]  INFO  s.w.framework.client.net.TcpProxy[110] - TcpProxy closed : pool-size:0, scouterx.webapp.framework.client.net.TcpProxy@3c09e5b4, stack:
 19:14:25.786 [XLogThread-127.0.0.1:6100-0]  ERROR s.w.f.c.thread.XLogRetrieveThread[93] - [XLogThread] at Server [id=-1082951330, name=jindeokyong-test-193, ip=127.0.0.1, port=6100, delta=0, userId=admin, group=admin, version=2.20.0 2023-05-29 05:14 GMT], error:[TcpProxy.process] client socket closed.
 19:14:28.715 [ServerSessionObserverThread]  INFO  s.w.framework.client.net.TcpProxy[58] - TcpProxy created : pool-size:0, scouterx.webapp.framework.client.net.TcpProxy@189e181b
 19:14:28.716 [ServerSessionObserverThread]  ERROR s.w.framework.client.net.ClientTCP[65] - Connection refused (Connection refused)
 19:14:28.716 [ServerSessionObserverThread]  ERROR s.w.f.c.thread.ServerSessionObserver[88] - Failed re-login to jindeokyong-test-193 : Network connection failed
 19:14:33.716 [ServerSessionObserverThread]  INFO  s.w.framework.client.net.TcpProxy[58] - TcpProxy created : pool-size:0, scouterx.webapp.framework.client.net.TcpProxy@261a117d
 19:14:33.717 [ServerSessionObserverThread]  INFO  s.w.framework.client.net.ClientTCP[62] - Connected scouterx.webapp.framework.client.net.ClientTCP@48113c58 to 127.0.0.1:6100
 19:14:33.718 [ServerSessionObserverThread]  INFO  s.w.framework.client.net.TcpProxy[110] - TcpProxy closed : pool-size:0, scouterx.webapp.framework.client.net.TcpProxy@261a117d, stack:
 19:14:33.718 [ServerSessionObserverThread]  INFO  s.w.framework.client.net.TcpProxy[58] - TcpProxy created : pool-size:0, scouterx.webapp.framework.client.net.TcpProxy@19d65217
 19:14:33.718 [ServerSessionObserverThread]  INFO  s.w.framework.client.net.TcpProxy[58] - TcpProxy created : pool-size:1, scouterx.webapp.framework.client.net.TcpProxy@1480b4c7
 19:14:33.718 [ServerSessionObserverThread]  INFO  s.w.framework.client.net.TcpProxy[58] - TcpProxy created : pool-size:2, scouterx.webapp.framework.client.net.TcpProxy@62e7ded3
 19:14:33.718 [ServerSessionObserverThread]  INFO  s.w.framework.client.net.TcpProxy[58] - TcpProxy created : pool-size:3, scouterx.webapp.framework.client.net.TcpProxy@2355cd2b
 19:14:33.718 [ServerSessionObserverThread]  INFO  s.w.framework.client.net.TcpProxy[58] - TcpProxy created : pool-size:4, scouterx.webapp.framework.client.net.TcpProxy@83875bc
 19:14:33.718 [ServerSessionObserverThread]  INFO  s.w.framework.client.net.TcpProxy[58] - TcpProxy created : pool-size:5, scouterx.webapp.framework.client.net.TcpProxy@190fcef0
 19:14:33.719 [ServerSessionObserverThread]  INFO  s.w.framework.client.net.ClientTCP[62] - Connected scouterx.webapp.framework.client.net.ClientTCP@45c28a44 to 127.0.0.1:6100
 19:14:33.720 [ServerSessionObserverThread]  INFO  s.w.f.c.thread.ServerSessionObserver[86] - Success re-login to jindeokyong-test-193
 19:14:33.787 [XLogThread-127.0.0.1:6100-0]  INFO  s.w.framework.client.net.ClientTCP[62] - Connected scouterx.webapp.framework.client.net.ClientTCP@6d647d9a to 127.0.0.1:6100
 19:14:34.788 [XLogThread-127.0.0.1:6100-0]  INFO  s.w.framework.client.net.ClientTCP[62] - Connected scouterx.webapp.framework.client.net.ClientTCP@2cd24ca1 to 127.0.0.1:6100
 19:14:34.831 [scouterx.webapp.framework.client.server.ServerManager]  INFO  s.w.framework.client.net.ClientTCP[62] - Connected scouterx.webapp.framework.client.net.ClientTCP@60ca43d7 to 127.0.0.1:6100
 19:14:35.790 [XLogThread-127.0.0.1:6100-0]  INFO  s.w.framework.client.net.ClientTCP[62] - Connected scouterx.webapp.framework.client.net.ClientTCP@3b2eddbd to 127.0.0.1:6100
 19:14:36.791 [XLogThread-127.0.0.1:6100-0]  INFO  s.w.framework.client.net.ClientTCP[62] - Connected scouterx.webapp.framework.client.net.ClientTCP@4879bb29 to 127.0.0.1:6100
 19:21:03.911 [XLogThread-127.0.0.1:6100-0]  INFO  s.w.framework.client.net.TcpProxy[110] - TcpProxy closed : pool-size:5, scouterx.webapp.framework.client.net.TcpProxy@83875bc, stack:
 19:21:03.912 [XLogThread-127.0.0.1:6100-0]  ERROR s.w.f.c.thread.XLogRetrieveThread[93] - [XLogThread] at Server [id=-1082951330, name=jindeokyong-test-193, ip=127.0.0.1, port=6100, delta=0, userId=admin, group=admin, version=2.20.0 2023-05-29 05:14 GMT], error:java.io.EOFException
 19:21:04.877 [scouterx.webapp.framework.client.server.ServerManager]  INFO  s.w.framework.client.net.TcpProxy[110] - TcpProxy closed : pool-size:4, scouterx.webapp.framework.client.net.TcpProxy@190fcef0, stack:
 19:21:04.912 [XLogThread-127.0.0.1:6100-0]  INFO  s.w.framework.client.net.TcpProxy[110] - TcpProxy closed : pool-size:3, scouterx.webapp.framework.client.net.TcpProxy@19d65217, stack:
 19:21:05.913 [XLogThread-127.0.0.1:6100-0]  INFO  s.w.framework.client.net.TcpProxy[110] - TcpProxy closed : pool-size:2, scouterx.webapp.framework.client.net.TcpProxy@1480b4c7, stack:
 19:21:06.878 [scouterx.webapp.framework.client.server.ServerManager]  INFO  s.w.framework.client.net.TcpProxy[110] - TcpProxy closed : pool-size:1, scouterx.webapp.framework.client.net.TcpProxy@62e7ded3, stack:
 19:21:06.913 [XLogThread-127.0.0.1:6100-0]  INFO  s.w.framework.client.net.TcpProxy[110] - TcpProxy closed : pool-size:0, scouterx.webapp.framework.client.net.TcpProxy@2355cd2b, stack:
 19:21:06.918 [scouterx.webapp.framework.client.model.AgentModelThread]  INFO  s.w.framework.client.net.TcpProxy[58] - TcpProxy created : pool-size:0, scouterx.webapp.framework.client.net.TcpProxy@59f1e3a7
 19:21:06.918 [scouterx.webapp.framework.client.model.AgentModelThread]  ERROR s.w.framework.client.net.ClientTCP[65] - Connection refused (Connection refused)
 19:21:06.918 [scouterx.webapp.framework.client.model.AgentModelThread]  INFO  s.w.framework.client.net.TcpProxy[110] - TcpProxy closed : pool-size:0, scouterx.webapp.framework.client.net.TcpProxy@59f1e3a7, stack:
 19:21:08.728 [ServerSessionObserverThread]  INFO  s.w.framework.client.net.TcpProxy[58] - TcpProxy created : pool-size:0, scouterx.webapp.framework.client.net.TcpProxy@640bb601
 19:21:08.728 [ServerSessionObserverThread]  ERROR s.w.framework.client.net.ClientTCP[65] - Connection refused (Connection refused)
 19:21:08.728 [ServerSessionObserverThread]  ERROR s.w.f.c.thread.ServerSessionObserver[88] - Failed re-login to jindeokyong-test-193 : Network connection failed
 19:21:13.729 [ServerSessionObserverThread]  INFO  s.w.framework.client.net.TcpProxy[58] - TcpProxy created : pool-size:0, scouterx.webapp.framework.client.net.TcpProxy@19adcc6b
 19:21:13.729 [ServerSessionObserverThread]  ERROR s.w.framework.client.net.ClientTCP[65] - Connection refused (Connection refused)
 19:21:13.730 [ServerSessionObserverThread]  ERROR s.w.f.c.thread.ServerSessionObserver[88] - Failed re-login to jindeokyong-test-193 : Network connection failed
 19:21:18.730 [ServerSessionObserverThread]  INFO  s.w.framework.client.net.TcpProxy[58] - TcpProxy created : pool-size:0, scouterx.webapp.framework.client.net.TcpProxy@2d04b47
 19:21:18.731 [ServerSessionObserverThread]  ERROR s.w.framework.client.net.ClientTCP[65] - Connection refused (Connection refused)
 19:21:18.731 [ServerSessionObserverThread]  ERROR s.w.f.c.thread.ServerSessionObserver[88] - Failed re-login to jindeokyong-test-193 : Network connection failed
 19:21:23.731 [ServerSessionObserverThread]  INFO  s.w.framework.client.net.TcpProxy[58] - TcpProxy created : pool-size:0, scouterx.webapp.framework.client.net.TcpProxy@11657a65
 19:21:23.732 [ServerSessionObserverThread]  ERROR s.w.framework.client.net.ClientTCP[65] - Connection refused (Connection refused)
 19:21:23.732 [ServerSessionObserverThread]  ERROR s.w.f.c.thread.ServerSessionObserver[88] - Failed re-login to jindeokyong-test-193 : Network connection failed
 19:21:28.732 [ServerSessionObserverThread]  INFO  s.w.framework.client.net.TcpProxy[58] - TcpProxy created : pool-size:0, scouterx.webapp.framework.client.net.TcpProxy@54f34b1
 19:21:28.733 [ServerSessionObserverThread]  ERROR s.w.framework.client.net.ClientTCP[65] - Connection refused (Connection refused)
 19:21:28.733 [ServerSessionObserverThread]  ERROR s.w.f.c.thread.ServerSessionObserver[88] - Failed re-login to jindeokyong-test-193 : Network connection failed
 19:21:33.733 [ServerSessionObserverThread]  INFO  s.w.framework.client.net.TcpProxy[58] - TcpProxy created : pool-size:0, scouterx.webapp.framework.client.net.TcpProxy@23fd1945
 19:21:33.734 [ServerSessionObserverThread]  ERROR s.w.framework.client.net.ClientTCP[65] - Connection refused (Connection refused)
 19:21:33.734 [ServerSessionObserverThread]  ERROR s.w.f.c.thread.ServerSessionObserver[88] - Failed re-login to jindeokyong-test-193 : Network connection failed
 19:21:38.734 [ServerSessionObserverThread]  INFO  s.w.framework.client.net.TcpProxy[58] - TcpProxy created : pool-size:0, scouterx.webapp.framework.client.net.TcpProxy@2507eecd
 19:21:38.735 [ServerSessionObserverThread]  ERROR s.w.framework.client.net.ClientTCP[65] - Connection refused (Connection refused)
 19:21:38.735 [ServerSessionObserverThread]  ERROR s.w.f.c.thread.ServerSessionObserver[88] - Failed re-login to jindeokyong-test-193 : Network connection failed
 19:21:43.736 [ServerSessionObserverThread]  INFO  s.w.framework.client.net.TcpProxy[58] - TcpProxy created : pool-size:0, scouterx.webapp.framework.client.net.TcpProxy@56770a87
 19:21:43.736 [ServerSessionObserverThread]  ERROR s.w.framework.client.net.ClientTCP[65] - Connection refused (Connection refused)
 19:21:43.736 [ServerSessionObserverThread]  ERROR s.w.f.c.thread.ServerSessionObserver[88] - Failed re-login to jindeokyong-test-193 : Network connection failed
 19:21:48.737 [ServerSessionObserverThread]  INFO  s.w.framework.client.net.TcpProxy[58] - TcpProxy created : pool-size:0, scouterx.webapp.framework.client.net.TcpProxy@7d3b2269
 19:21:48.737 [ServerSessionObserverThread]  ERROR s.w.framework.client.net.ClientTCP[65] - Connection refused (Connection refused)
 19:21:48.737 [ServerSessionObserverThread]  ERROR s.w.f.c.thread.ServerSessionObserver[88] - Failed re-login to jindeokyong-test-193 : Network connection failed
 19:21:53.738 [ServerSessionObserverThread]  INFO  s.w.framework.client.net.TcpProxy[58] - TcpProxy created : pool-size:0, scouterx.webapp.framework.client.net.TcpProxy@718ff028
 19:21:53.738 [ServerSessionObserverThread]  ERROR s.w.framework.client.net.ClientTCP[65] - Connection refused (Connection refused)
 19:21:53.738 [ServerSessionObserverThread]  ERROR s.w.f.c.thread.ServerSessionObserver[88] - Failed re-login to jindeokyong-test-193 : Network connection failed
 19:21:58.739 [ServerSessionObserverThread]  INFO  s.w.framework.client.net.TcpProxy[58] - TcpProxy created : pool-size:0, scouterx.webapp.framework.client.net.TcpProxy@4b353bd2
 19:21:58.739 [ServerSessionObserverThread]  ERROR s.w.framework.client.net.ClientTCP[65] - Connection refused (Connection refused)
 19:21:58.739 [ServerSessionObserverThread]  ERROR s.w.f.c.thread.ServerSessionObserver[88] - Failed re-login to jindeokyong-test-193 : Network connection failed
 19:22:03.740 [ServerSessionObserverThread]  INFO  s.w.framework.client.net.TcpProxy[58] - TcpProxy created : pool-size:0, scouterx.webapp.framework.client.net.TcpProxy@60bead76
 19:22:03.740 [ServerSessionObserverThread]  ERROR s.w.framework.client.net.ClientTCP[65] - Connection refused (Connection refused)
 19:22:03.740 [ServerSessionObserverThread]  ERROR s.w.f.c.thread.ServerSessionObserver[88] - Failed re-login to jindeokyong-test-193 : Network connection failed
 19:22:08.741 [ServerSessionObserverThread]  INFO  s.w.framework.client.net.TcpProxy[58] - TcpProxy created : pool-size:0, scouterx.webapp.framework.client.net.TcpProxy@45ea84fe
 19:22:08.741 [ServerSessionObserverThread]  ERROR s.w.framework.client.net.ClientTCP[65] - Connection refused (Connection refused)
 19:22:08.741 [ServerSessionObserverThread]  ERROR s.w.f.c.thread.ServerSessionObserver[88] - Failed re-login to jindeokyong-test-193 : Network connection failed
 19:22:13.742 [ServerSessionObserverThread]  INFO  s.w.framework.client.net.TcpProxy[58] - TcpProxy created : pool-size:0, scouterx.webapp.framework.client.net.TcpProxy@25862d03
 19:22:13.742 [ServerSessionObserverThread]  ERROR s.w.framework.client.net.ClientTCP[65] - Connection refused (Connection refused)
 19:22:13.742 [ServerSessionObserverThread]  ERROR s.w.f.c.thread.ServerSessionObserver[88] - Failed re-login to jindeokyong-test-193 : Network connection failed
 19:22:18.743 [ServerSessionObserverThread]  INFO  s.w.framework.client.net.TcpProxy[58] - TcpProxy created : pool-size:0, scouterx.webapp.framework.client.net.TcpProxy@2c47253c
 19:22:18.743 [ServerSessionObserverThread]  ERROR s.w.framework.client.net.ClientTCP[65] - Connection refused (Connection refused)
 19:22:18.743 [ServerSessionObserverThread]  ERROR s.w.f.c.thread.ServerSessionObserver[88] - Failed re-login to jindeokyong-test-193 : Network connection failed
 19:22:23.744 [ServerSessionObserverThread]  INFO  s.w.framework.client.net.TcpProxy[58] - TcpProxy created : pool-size:0, scouterx.webapp.framework.client.net.TcpProxy@3dadb485
 19:22:23.744 [ServerSessionObserverThread]  ERROR s.w.framework.client.net.ClientTCP[65] - Connection refused (Connection refused)
 19:22:23.744 [ServerSessionObserverThread]  ERROR s.w.f.c.thread.ServerSessionObserver[88] - Failed re-login to jindeokyong-test-193 : Network connection failed
 19:22:28.745 [ServerSessionObserverThread]  INFO  s.w.framework.client.net.TcpProxy[58] - TcpProxy created : pool-size:0, scouterx.webapp.framework.client.net.TcpProxy@61324b37
 19:22:28.745 [ServerSessionObserverThread]  ERROR s.w.framework.client.net.ClientTCP[65] - Connection refused (Connection refused)
 19:22:28.745 [ServerSessionObserverThread]  ERROR s.w.f.c.thread.ServerSessionObserver[88] - Failed re-login to jindeokyong-test-193 : Network connection failed
 19:22:33.746 [ServerSessionObserverThread]  INFO  s.w.framework.client.net.TcpProxy[58] - TcpProxy created : pool-size:0, scouterx.webapp.framework.client.net.TcpProxy@4390ecd8
 19:22:33.746 [ServerSessionObserverThread]  ERROR s.w.framework.client.net.ClientTCP[65] - Connection refused (Connection refused)
 19:22:33.746 [ServerSessionObserverThread]  ERROR s.w.f.c.thread.ServerSessionObserver[88] - Failed re-login to jindeokyong-test-193 : Network connection failed
 19:22:38.747 [ServerSessionObserverThread]  INFO  s.w.framework.client.net.TcpProxy[58] - TcpProxy created : pool-size:0, scouterx.webapp.framework.client.net.TcpProxy@1e68b7cd
 19:22:38.747 [ServerSessionObserverThread]  ERROR s.w.framework.client.net.ClientTCP[65] - Connection refused (Connection refused)
 19:22:38.747 [ServerSessionObserverThread]  ERROR s.w.f.c.thread.ServerSessionObserver[88] - Failed re-login to jindeokyong-test-193 : Network connection failed
 19:22:43.748 [ServerSessionObserverThread]  INFO  s.w.framework.client.net.TcpProxy[58] - TcpProxy created : pool-size:0, scouterx.webapp.framework.client.net.TcpProxy@32803389
 19:22:43.748 [ServerSessionObserverThread]  ERROR s.w.framework.client.net.ClientTCP[65] - Connection refused (Connection refused)
 19:22:43.748 [ServerSessionObserverThread]  ERROR s.w.f.c.thread.ServerSessionObserver[88] - Failed re-login to jindeokyong-test-193 : Network connection failed
 19:22:48.749 [ServerSessionObserverThread]  INFO  s.w.framework.client.net.TcpProxy[58] - TcpProxy created : pool-size:0, scouterx.webapp.framework.client.net.TcpProxy@19a69d44
 19:22:48.749 [ServerSessionObserverThread]  ERROR s.w.framework.client.net.ClientTCP[65] - Connection refused (Connection refused)
 19:22:48.750 [ServerSessionObserverThread]  ERROR s.w.f.c.thread.ServerSessionObserver[88] - Failed re-login to jindeokyong-test-193 : Network connection failed
 19:22:53.750 [ServerSessionObserverThread]  INFO  s.w.framework.client.net.TcpProxy[58] - TcpProxy created : pool-size:0, scouterx.webapp.framework.client.net.TcpProxy@6a3ebe85
 19:22:53.750 [ServerSessionObserverThread]  ERROR s.w.framework.client.net.ClientTCP[65] - Connection refused (Connection refused)
 19:22:53.751 [ServerSessionObserverThread]  ERROR s.w.f.c.thread.ServerSessionObserver[88] - Failed re-login to jindeokyong-test-193 : Network connection failed
 19:22:58.751 [ServerSessionObserverThread]  INFO  s.w.framework.client.net.TcpProxy[58] - TcpProxy created : pool-size:0, scouterx.webapp.framework.client.net.TcpProxy@59f0eca
 19:22:58.751 [ServerSessionObserverThread]  INFO  s.w.framework.client.net.ClientTCP[62] - Connected scouterx.webapp.framework.client.net.ClientTCP@111eed8f to 127.0.0.1:6100
 19:22:58.756 [ServerSessionObserverThread]  INFO  s.w.framework.client.net.TcpProxy[110] - TcpProxy closed : pool-size:0, scouterx.webapp.framework.client.net.TcpProxy@59f0eca, stack:
 19:22:58.756 [ServerSessionObserverThread]  INFO  s.w.framework.client.net.TcpProxy[58] - TcpProxy created : pool-size:0, scouterx.webapp.framework.client.net.TcpProxy@2dca93ad
 19:22:58.756 [ServerSessionObserverThread]  INFO  s.w.framework.client.net.TcpProxy[58] - TcpProxy created : pool-size:1, scouterx.webapp.framework.client.net.TcpProxy@24c74170
 19:22:58.756 [ServerSessionObserverThread]  INFO  s.w.framework.client.net.TcpProxy[58] - TcpProxy created : pool-size:2, scouterx.webapp.framework.client.net.TcpProxy@5953e27c
 19:22:58.756 [ServerSessionObserverThread]  INFO  s.w.framework.client.net.TcpProxy[58] - TcpProxy created : pool-size:3, scouterx.webapp.framework.client.net.TcpProxy@3f471e4c
 19:22:58.756 [ServerSessionObserverThread]  INFO  s.w.framework.client.net.TcpProxy[58] - TcpProxy created : pool-size:4, scouterx.webapp.framework.client.net.TcpProxy@46e9a5f2
 19:22:58.757 [ServerSessionObserverThread]  INFO  s.w.framework.client.net.TcpProxy[58] - TcpProxy created : pool-size:5, scouterx.webapp.framework.client.net.TcpProxy@58bba09e
 19:22:58.757 [ServerSessionObserverThread]  INFO  s.w.framework.client.net.ClientTCP[62] - Connected scouterx.webapp.framework.client.net.ClientTCP@1ebdf9f7 to 127.0.0.1:6100
 19:22:58.758 [ServerSessionObserverThread]  INFO  s.w.f.c.thread.ServerSessionObserver[86] - Success re-login to jindeokyong-test-193
 19:22:58.883 [scouterx.webapp.framework.client.server.ServerManager]  INFO  s.w.framework.client.net.ClientTCP[62] - Connected scouterx.webapp.framework.client.net.ClientTCP@6bc8fa6a to 127.0.0.1:6100
 19:22:58.924 [XLogThread-127.0.0.1:6100-0]  INFO  s.w.framework.client.net.ClientTCP[62] - Connected scouterx.webapp.framework.client.net.ClientTCP@63f9711 to 127.0.0.1:6100
 19:22:59.925 [XLogThread-127.0.0.1:6100-0]  INFO  s.w.framework.client.net.ClientTCP[62] - Connected scouterx.webapp.framework.client.net.ClientTCP@38367433 to 127.0.0.1:6100
 19:23:00.885 [scouterx.webapp.framework.client.server.ServerManager]  INFO  s.w.framework.client.net.ClientTCP[62] - Connected scouterx.webapp.framework.client.net.ClientTCP@29c6c276 to 127.0.0.1:6100
 19:23:00.927 [XLogThread-127.0.0.1:6100-0]  INFO  s.w.framework.client.net.ClientTCP[62] - Connected scouterx.webapp.framework.client.net.ClientTCP@75b885bd to 127.0.0.1:6100
 19:34:13.198 [XLogThread-127.0.0.1:6100-0]  INFO  s.w.framework.client.net.TcpProxy[110] - TcpProxy closed : pool-size:4, scouterx.webapp.framework.client.net.TcpProxy@58bba09e, stack:
 19:34:13.199 [scouterx.webapp.framework.client.server.ServerManager]  INFO  s.w.framework.client.net.TcpProxy[110] - TcpProxy closed : pool-size:4, scouterx.webapp.framework.client.net.TcpProxy@46e9a5f2, stack:
 19:34:13.199 [XLogThread-127.0.0.1:6100-0]  ERROR s.w.f.c.thread.XLogRetrieveThread[93] - [XLogThread] at Server [id=-1082951330, name=jindeokyong-test-193, ip=127.0.0.1, port=6100, delta=0, userId=admin, group=admin, version=2.20.0 2023-05-29 05:14 GMT], error:java.io.EOFException
 19:34:14.199 [XLogThread-127.0.0.1:6100-0]  INFO  s.w.framework.client.net.TcpProxy[110] - TcpProxy closed : pool-size:3, scouterx.webapp.framework.client.net.TcpProxy@2dca93ad, stack:
 19:34:15.199 [scouterx.webapp.framework.client.server.ServerManager]  INFO  s.w.framework.client.net.TcpProxy[110] - TcpProxy closed : pool-size:2, scouterx.webapp.framework.client.net.TcpProxy@24c74170, stack:
 19:34:15.200 [XLogThread-127.0.0.1:6100-0]  INFO  s.w.framework.client.net.TcpProxy[110] - TcpProxy closed : pool-size:1, scouterx.webapp.framework.client.net.TcpProxy@5953e27c, stack:
 19:34:16.200 [XLogThread-127.0.0.1:6100-0]  INFO  s.w.framework.client.net.TcpProxy[110] - TcpProxy closed : pool-size:0, scouterx.webapp.framework.client.net.TcpProxy@3f471e4c, stack:
 19:34:17.200 [scouterx.webapp.framework.client.server.ServerManager]  INFO  s.w.framework.client.net.TcpProxy[58] - TcpProxy created : pool-size:0, scouterx.webapp.framework.client.net.TcpProxy@1650289b
 19:34:17.200 [scouterx.webapp.framework.client.server.ServerManager]  ERROR s.w.framework.client.net.ClientTCP[65] - Connection refused (Connection refused)
 19:34:17.200 [scouterx.webapp.framework.client.server.ServerManager]  INFO  s.w.framework.client.net.TcpProxy[110] - TcpProxy closed : pool-size:0, scouterx.webapp.framework.client.net.TcpProxy@1650289b, stack:
 19:34:18.771 [ServerSessionObserverThread]  INFO  s.w.framework.client.net.TcpProxy[58] - TcpProxy created : pool-size:0, scouterx.webapp.framework.client.net.TcpProxy@61c3757
 19:34:18.772 [ServerSessionObserverThread]  ERROR s.w.framework.client.net.ClientTCP[65] - Connection refused (Connection refused)
 19:34:18.772 [ServerSessionObserverThread]  ERROR s.w.f.c.thread.ServerSessionObserver[88] - Failed re-login to jindeokyong-test-193 : Network connection failed
 19:34:23.772 [ServerSessionObserverThread]  INFO  s.w.framework.client.net.TcpProxy[58] - TcpProxy created : pool-size:0, scouterx.webapp.framework.client.net.TcpProxy@27565eda
 19:34:23.773 [ServerSessionObserverThread]  INFO  s.w.framework.client.net.ClientTCP[62] - Connected scouterx.webapp.framework.client.net.ClientTCP@32bf3231 to 127.0.0.1:6100
 19:34:23.775 [ServerSessionObserverThread]  INFO  s.w.framework.client.net.TcpProxy[110] - TcpProxy closed : pool-size:0, scouterx.webapp.framework.client.net.TcpProxy@27565eda, stack:
 19:34:23.775 [ServerSessionObserverThread]  INFO  s.w.framework.client.net.TcpProxy[58] - TcpProxy created : pool-size:0, scouterx.webapp.framework.client.net.TcpProxy@7f4daaaf
 19:34:23.775 [ServerSessionObserverThread]  INFO  s.w.framework.client.net.TcpProxy[58] - TcpProxy created : pool-size:1, scouterx.webapp.framework.client.net.TcpProxy@5c349ac5
 19:34:23.775 [ServerSessionObserverThread]  INFO  s.w.framework.client.net.TcpProxy[58] - TcpProxy created : pool-size:2, scouterx.webapp.framework.client.net.TcpProxy@4901af17
 19:34:23.775 [ServerSessionObserverThread]  INFO  s.w.framework.client.net.TcpProxy[58] - TcpProxy created : pool-size:3, scouterx.webapp.framework.client.net.TcpProxy@2e432bc
 19:34:23.775 [ServerSessionObserverThread]  INFO  s.w.framework.client.net.TcpProxy[58] - TcpProxy created : pool-size:4, scouterx.webapp.framework.client.net.TcpProxy@106ee89d
 19:34:23.775 [ServerSessionObserverThread]  INFO  s.w.framework.client.net.TcpProxy[58] - TcpProxy created : pool-size:5, scouterx.webapp.framework.client.net.TcpProxy@68f4bae7
 19:34:23.775 [ServerSessionObserverThread]  INFO  s.w.framework.client.net.ClientTCP[62] - Connected scouterx.webapp.framework.client.net.ClientTCP@2cc9d9f9 to 127.0.0.1:6100
 19:34:23.777 [ServerSessionObserverThread]  INFO  s.w.f.c.thread.ServerSessionObserver[86] - Success re-login to jindeokyong-test-193
 19:34:24.201 [XLogThread-127.0.0.1:6100-0]  INFO  s.w.framework.client.net.ClientTCP[62] - Connected scouterx.webapp.framework.client.net.ClientTCP@709dd8d0 to 127.0.0.1:6100
 19:34:25.201 [scouterx.webapp.framework.client.server.ServerManager]  INFO  s.w.framework.client.net.ClientTCP[62] - Connected scouterx.webapp.framework.client.net.ClientTCP@7528c13 to 127.0.0.1:6100
 19:34:25.203 [XLogThread-127.0.0.1:6100-0]  INFO  s.w.framework.client.net.ClientTCP[62] - Connected scouterx.webapp.framework.client.net.ClientTCP@a605ecd to 127.0.0.1:6100
 19:34:26.204 [XLogThread-127.0.0.1:6100-0]  INFO  s.w.framework.client.net.ClientTCP[62] - Connected scouterx.webapp.framework.client.net.ClientTCP@17c345e to 127.0.0.1:6100
 19:34:27.202 [scouterx.webapp.framework.client.server.ServerManager]  INFO  s.w.framework.client.net.ClientTCP[62] - Connected scouterx.webapp.framework.client.net.ClientTCP@451dd578 to 127.0.0.1:6100
