  ____                  _            
 / ___|  ___ ___  _   _| |_ ___ _ __ 
 \___ \ / __/   \| | | | __/ _ \ '__|
  ___) | (_| (+) | |_| | ||  __/ |   
 |____/ \___\___/ \__,_|\__\___|_|                                      
 Open Source S/W Performance Monitoring  
 Scouter version 2.20.0
 
System JRE version : 1.8.0_461
15:06:29,256 |-INFO in ch.qos.logback.classic.LoggerContext[default] - Could NOT find resource [logback-test.xml]
15:06:29,256 |-INFO in ch.qos.logback.classic.LoggerContext[default] - Could NOT find resource [logback.groovy]
15:06:29,256 |-INFO in ch.qos.logback.classic.LoggerContext[default] - Found resource [logback.xml] at [jar:file:/app/scouter/server/./lib/scouter-webapp-2.20.0.jar!/logback.xml]
15:06:29,264 |-INFO in ch.qos.logback.core.joran.spi.ConfigurationWatchList@5f742b2b - URL [jar:file:/app/scouter/server/./lib/scouter-webapp-2.20.0.jar!/logback.xml] is not of type file
15:06:29,276 |-INFO in ch.qos.logback.classic.joran.action.ConfigurationAction - debug attribute not set
15:06:29,276 |-INFO in ch.qos.logback.core.joran.action.AppenderAction - About to instantiate appender of type [ch.qos.logback.core.ConsoleAppender]
15:06:29,280 |-INFO in ch.qos.logback.core.joran.action.AppenderAction - Naming appender as [STDOUT]
15:06:29,283 |-INFO in ch.qos.logback.core.joran.action.NestedComplexPropertyIA - Assuming default type [ch.qos.logback.classic.encoder.PatternLayoutEncoder] for [encoder] property
15:06:29,295 |-INFO in ch.qos.logback.core.joran.action.AppenderAction - About to instantiate appender of type [ch.qos.logback.core.rolling.RollingFileAppender]
15:06:29,297 |-INFO in ch.qos.logback.core.joran.action.AppenderAction - Naming appender as [FILE_DAILY]
15:06:29,301 |-INFO in c.q.l.core.rolling.TimeBasedRollingPolicy@2017911356 - No compression will be used
15:06:29,302 |-INFO in c.q.l.core.rolling.TimeBasedRollingPolicy@2017911356 - Will use the pattern ./logs/webapp-%d{yyyy_MM_dd}.log for the active file
15:06:29,304 |-INFO in c.q.l.core.rolling.DefaultTimeBasedFileNamingAndTriggeringPolicy - The date pattern is 'yyyy_MM_dd' from file name pattern './logs/webapp-%d{yyyy_MM_dd}.log'.
15:06:29,304 |-INFO in c.q.l.core.rolling.DefaultTimeBasedFileNamingAndTriggeringPolicy - Roll-over at midnight.
15:06:29,306 |-INFO in c.q.l.core.rolling.DefaultTimeBasedFileNamingAndTriggeringPolicy - Setting initial period to Mon Oct 13 15:06:29 KST 2025
15:06:29,307 |-INFO in ch.qos.logback.core.joran.action.NestedComplexPropertyIA - Assuming default type [ch.qos.logback.classic.encoder.PatternLayoutEncoder] for [encoder] property
15:06:29,307 |-INFO in ch.qos.logback.core.rolling.RollingFileAppender[FILE_DAILY] - Active log file name: ./logs/webapp-2025_10_13.log
15:06:29,307 |-INFO in ch.qos.logback.core.rolling.RollingFileAppender[FILE_DAILY] - File property is set to [null]
15:06:29,308 |-INFO in ch.qos.logback.core.joran.action.AppenderAction - About to instantiate appender of type [ch.qos.logback.core.rolling.RollingFileAppender]
15:06:29,308 |-INFO in ch.qos.logback.core.joran.action.AppenderAction - Naming appender as [FILE_SIZE]
15:06:29,309 |-INFO in ch.qos.logback.core.rolling.FixedWindowRollingPolicy@65ae32d9 - No compression will be used
15:06:29,310 |-INFO in ch.qos.logback.core.joran.action.NestedComplexPropertyIA - Assuming default type [ch.qos.logback.classic.encoder.PatternLayoutEncoder] for [encoder] property
15:06:29,310 |-INFO in ch.qos.logback.core.rolling.RollingFileAppender[FILE_SIZE] - Active log file name: ./logs/webapp.log
15:06:29,310 |-INFO in ch.qos.logback.core.rolling.RollingFileAppender[FILE_SIZE] - File property is set to [./logs/webapp.log]
15:06:29,310 |-INFO in ch.qos.logback.core.joran.action.AppenderAction - About to instantiate appender of type [ch.qos.logback.core.rolling.RollingFileAppender]
15:06:29,310 |-INFO in ch.qos.logback.core.joran.action.AppenderAction - Naming appender as [FILE_SIZE_DAILY]
15:06:29,313 |-INFO in c.q.l.core.rolling.TimeBasedRollingPolicy@847515913 - No compression will be used
15:06:29,313 |-INFO in c.q.l.core.rolling.TimeBasedRollingPolicy@847515913 - Will use the pattern ./logs/webapp-%d{yyyy_MM_dd}-%i.log for the active file
15:06:29,313 |-INFO in ch.qos.logback.core.rolling.SizeAndTimeBasedFNATP@4c575901 - The date pattern is 'yyyy_MM_dd' from file name pattern './logs/webapp-%d{yyyy_MM_dd}-%i.log'.
15:06:29,313 |-INFO in ch.qos.logback.core.rolling.SizeAndTimeBasedFNATP@4c575901 - Roll-over at midnight.
15:06:29,314 |-INFO in ch.qos.logback.core.rolling.SizeAndTimeBasedFNATP@4c575901 - Setting initial period to Mon Oct 13 15:06:29 KST 2025
15:06:29,314 |-WARN in ch.qos.logback.core.rolling.SizeAndTimeBasedFNATP@4c575901 - SizeAndTimeBasedFNATP is deprecated. Use SizeAndTimeBasedRollingPolicy instead
15:06:29,314 |-WARN in ch.qos.logback.core.rolling.SizeAndTimeBasedFNATP@4c575901 - For more information see http://logback.qos.ch/manual/appenders.html#SizeAndTimeBasedRollingPolicy
15:06:29,315 |-INFO in ch.qos.logback.core.joran.action.NestedComplexPropertyIA - Assuming default type [ch.qos.logback.classic.encoder.PatternLayoutEncoder] for [encoder] property
15:06:29,315 |-INFO in ch.qos.logback.core.rolling.RollingFileAppender[FILE_SIZE_DAILY] - Active log file name: ./logs/webapp-2025_10_13-0.log
15:06:29,315 |-INFO in ch.qos.logback.core.rolling.RollingFileAppender[FILE_SIZE_DAILY] - File property is set to [null]
15:06:29,315 |-INFO in ch.qos.logback.classic.joran.action.RootLoggerAction - Setting level of ROOT logger to INFO
15:06:29,315 |-INFO in ch.qos.logback.core.joran.action.AppenderRefAction - Attaching appender named [STDOUT] to Logger[ROOT]
15:06:29,316 |-INFO in ch.qos.logback.core.joran.action.AppenderRefAction - Attaching appender named [FILE_DAILY] to Logger[ROOT]
15:06:29,316 |-INFO in ch.qos.logback.classic.joran.action.ConfigurationAction - End of configuration.
15:06:29,316 |-INFO in ch.qos.logback.classic.joran.JoranConfigurator@34f05b5 - Registering current configuration as safe fallback point

 15:06:29.321 [scouter.server.http.HttpServer]  INFO  org.eclipse.jetty.util.log[192] - Logging initialized @754ms to org.eclipse.jetty.util.log.Slf4jLog
 15:06:29.374 [scouter.server.http.HttpServer]  INFO  org.eclipse.jetty.server.Server[372] - jetty-9.4.6.v20170531
 15:06:29.390 [scouter.server.http.HttpServer]  INFO  o.e.j.server.AbstractNCSARequestLog[230] - Opened /app/scouter/server/logs/http-request-2025_10_13.log
 15:06:29.405 [scouter.server.http.HttpServer]  INFO  org.eclipse.jetty.server.session[364] - DefaultSessionIdManager workerName=node0
 15:06:29.405 [scouter.server.http.HttpServer]  INFO  org.eclipse.jetty.server.session[369] - No SessionScavenger set, using defaults
 15:06:29.407 [scouter.server.http.HttpServer]  INFO  org.eclipse.jetty.server.session[149] - Scavenging every 660000ms
 15:06:29.409 [scouter.server.http.HttpServer]  INFO  o.e.j.server.handler.ContextHandler[788] - Started o.e.j.s.ServletContextHandler@6b9e9694{/,null,AVAILABLE}
 15:06:29.416 [scouter.server.http.HttpServer]  INFO  o.e.jetty.server.AbstractConnector[280] - Started ServerConnector@5f0e7383{HTTP/1.1,[http/1.1]}{0.0.0.0:6180}
 15:06:29.416 [scouter.server.http.HttpServer]  INFO  org.eclipse.jetty.server.Server[444] - Started @851ms
